{"uid":"af06f1e5448452f5","name":"test_pagination","fullName":"test.test_conduit.TestConduit#test_pagination","historyId":"ea4dc440b4aae7eea3f3a936ce57d583","time":{"start":1654309837913,"stop":1654309848701,"duration":10788},"status":"broken","statusMessage":"selenium.common.exceptions.TimeoutException: Message:","statusTrace":"self = <test_conduit.TestConduit object at 0x7efc6a394340>\n\n    def test_pagination(self):\n        self.login()\n    \n>       pagination_buttons = WebDriverWait(self.browser, 2).until(\n            EC.presence_of_all_elements_located((By.XPATH, '//li/a[@class=\"page-link\"]')))\n\ntest/test_conduit.py:362: \n_ _ _ _ _ _ _ _ _ _ _ _ _ _ _ _ _ _ _ _ _ _ _ _ _ _ _ _ _ _ _ _ _ _ _ _ _ _ _ _ \n\nself = <selenium.webdriver.support.wait.WebDriverWait (session=\"938b8fe440d2683ba8aa3155a6da5282\")>\nmethod = <selenium.webdriver.support.expected_conditions.presence_of_all_elements_located object at 0x7efc69496fd0>\nmessage = ''\n\n    def until(self, method, message=''):\n        \"\"\"Calls the method provided with the driver as an argument until the \\\n        return value is not False.\"\"\"\n        screen = None\n        stacktrace = None\n    \n        end_time = time.time() + self._timeout\n        while True:\n            try:\n                value = method(self._driver)\n                if value:\n                    return value\n            except self._ignored_exceptions as exc:\n                screen = getattr(exc, 'screen', None)\n                stacktrace = getattr(exc, 'stacktrace', None)\n            time.sleep(self._poll)\n            if time.time() > end_time:\n                break\n>       raise TimeoutException(message, screen, stacktrace)\nE       selenium.common.exceptions.TimeoutException: Message:\n\n/opt/hostedtoolcache/Python/3.9.5/x64/lib/python3.9/site-packages/selenium/webdriver/support/wait.py:80: TimeoutException","flaky":false,"newFailed":false,"newBroken":false,"newPassed":false,"retriesCount":1,"retriesStatusChange":true,"beforeStages":[{"name":"_xunit_setup_method_fixture_TestConduit","time":{"start":1654309836388,"stop":1654309837912,"duration":1524},"status":"passed","steps":[],"attachments":[],"parameters":[],"stepsCount":0,"attachmentsCount":0,"shouldDisplayMessage":false,"hasContent":false}],"testStage":{"status":"broken","statusMessage":"selenium.common.exceptions.TimeoutException: Message:","statusTrace":"self = <test_conduit.TestConduit object at 0x7efc6a394340>\n\n    def test_pagination(self):\n        self.login()\n    \n>       pagination_buttons = WebDriverWait(self.browser, 2).until(\n            EC.presence_of_all_elements_located((By.XPATH, '//li/a[@class=\"page-link\"]')))\n\ntest/test_conduit.py:362: \n_ _ _ _ _ _ _ _ _ _ _ _ _ _ _ _ _ _ _ _ _ _ _ _ _ _ _ _ _ _ _ _ _ _ _ _ _ _ _ _ \n\nself = <selenium.webdriver.support.wait.WebDriverWait (session=\"938b8fe440d2683ba8aa3155a6da5282\")>\nmethod = <selenium.webdriver.support.expected_conditions.presence_of_all_elements_located object at 0x7efc69496fd0>\nmessage = ''\n\n    def until(self, method, message=''):\n        \"\"\"Calls the method provided with the driver as an argument until the \\\n        return value is not False.\"\"\"\n        screen = None\n        stacktrace = None\n    \n        end_time = time.time() + self._timeout\n        while True:\n            try:\n                value = method(self._driver)\n                if value:\n                    return value\n            except self._ignored_exceptions as exc:\n                screen = getattr(exc, 'screen', None)\n                stacktrace = getattr(exc, 'stacktrace', None)\n            time.sleep(self._poll)\n            if time.time() > end_time:\n                break\n>       raise TimeoutException(message, screen, stacktrace)\nE       selenium.common.exceptions.TimeoutException: Message:\n\n/opt/hostedtoolcache/Python/3.9.5/x64/lib/python3.9/site-packages/selenium/webdriver/support/wait.py:80: TimeoutException","steps":[],"attachments":[{"uid":"a1045a081cbb30ef","name":"log","source":"a1045a081cbb30ef.txt","type":"text/plain","size":338},{"uid":"9a2c7ac95ecc70f4","name":"stdout","source":"9a2c7ac95ecc70f4.txt","type":"text/plain","size":1},{"uid":"fefdc835a9e812c9","name":"stderr","source":"fefdc835a9e812c9.txt","type":"text/plain","size":267}],"parameters":[],"stepsCount":0,"attachmentsCount":3,"shouldDisplayMessage":true,"hasContent":true},"afterStages":[{"name":"_xunit_setup_method_fixture_TestConduit::0","time":{"start":1654309848714,"stop":1654309848769,"duration":55},"status":"passed","steps":[],"attachments":[],"parameters":[],"stepsCount":0,"attachmentsCount":0,"shouldDisplayMessage":false,"hasContent":false}],"labels":[{"name":"parentSuite","value":"test"},{"name":"suite","value":"test_conduit"},{"name":"subSuite","value":"TestConduit"},{"name":"host","value":"fv-az224-757"},{"name":"thread","value":"3191-MainThread"},{"name":"framework","value":"pytest"},{"name":"language","value":"cpython3"},{"name":"package","value":"test.test_conduit"},{"name":"resultFormat","value":"allure2"}],"parameters":[],"links":[],"hidden":false,"retry":false,"extra":{"severity":"normal","retries":[{"uid":"ac36eee06212b531","status":"passed","time":{"start":1654030420647,"stop":1654030424671,"duration":4024}}],"categories":[{"name":"Test defects","matchedStatuses":[],"flaky":false}],"tags":[]},"source":"af06f1e5448452f5.json","parameterValues":[]}