{"uid":"f197c6b64da63557","name":"test_update_profile_picture","fullName":"test.test_conduit.TestConduit#test_update_profile_picture","historyId":"6d77275c421470c5f01f29022c19a162","time":{"start":1654309813070,"stop":1654309823892,"duration":10822},"status":"broken","statusMessage":"selenium.common.exceptions.TimeoutException: Message:","statusTrace":"self = <test_conduit.TestConduit object at 0x7efc6a3940a0>\n\n    def test_update_profile_picture(self):\n        self.login()\n    \n>       settings = WebDriverWait(self.browser, 2).until(\n            EC.presence_of_element_located((By.XPATH, '//a[@href = \"#/settings\"]')))\n\ntest/test_conduit.py:298: \n_ _ _ _ _ _ _ _ _ _ _ _ _ _ _ _ _ _ _ _ _ _ _ _ _ _ _ _ _ _ _ _ _ _ _ _ _ _ _ _ \n\nself = <selenium.webdriver.support.wait.WebDriverWait (session=\"e61e691749fd467260a40d86f9ffacaf\")>\nmethod = <selenium.webdriver.support.expected_conditions.presence_of_element_located object at 0x7efc6949bca0>\nmessage = ''\n\n    def until(self, method, message=''):\n        \"\"\"Calls the method provided with the driver as an argument until the \\\n        return value is not False.\"\"\"\n        screen = None\n        stacktrace = None\n    \n        end_time = time.time() + self._timeout\n        while True:\n            try:\n                value = method(self._driver)\n                if value:\n                    return value\n            except self._ignored_exceptions as exc:\n                screen = getattr(exc, 'screen', None)\n                stacktrace = getattr(exc, 'stacktrace', None)\n            time.sleep(self._poll)\n            if time.time() > end_time:\n                break\n>       raise TimeoutException(message, screen, stacktrace)\nE       selenium.common.exceptions.TimeoutException: Message:\n\n/opt/hostedtoolcache/Python/3.9.5/x64/lib/python3.9/site-packages/selenium/webdriver/support/wait.py:80: TimeoutException","flaky":false,"newFailed":false,"newBroken":false,"newPassed":false,"retriesCount":1,"retriesStatusChange":true,"beforeStages":[{"name":"_xunit_setup_method_fixture_TestConduit","time":{"start":1654309811559,"stop":1654309813069,"duration":1510},"status":"passed","steps":[],"attachments":[],"parameters":[],"stepsCount":0,"attachmentsCount":0,"shouldDisplayMessage":false,"hasContent":false}],"testStage":{"status":"broken","statusMessage":"selenium.common.exceptions.TimeoutException: Message:","statusTrace":"self = <test_conduit.TestConduit object at 0x7efc6a3940a0>\n\n    def test_update_profile_picture(self):\n        self.login()\n    \n>       settings = WebDriverWait(self.browser, 2).until(\n            EC.presence_of_element_located((By.XPATH, '//a[@href = \"#/settings\"]')))\n\ntest/test_conduit.py:298: \n_ _ _ _ _ _ _ _ _ _ _ _ _ _ _ _ _ _ _ _ _ _ _ _ _ _ _ _ _ _ _ _ _ _ _ _ _ _ _ _ \n\nself = <selenium.webdriver.support.wait.WebDriverWait (session=\"e61e691749fd467260a40d86f9ffacaf\")>\nmethod = <selenium.webdriver.support.expected_conditions.presence_of_element_located object at 0x7efc6949bca0>\nmessage = ''\n\n    def until(self, method, message=''):\n        \"\"\"Calls the method provided with the driver as an argument until the \\\n        return value is not False.\"\"\"\n        screen = None\n        stacktrace = None\n    \n        end_time = time.time() + self._timeout\n        while True:\n            try:\n                value = method(self._driver)\n                if value:\n                    return value\n            except self._ignored_exceptions as exc:\n                screen = getattr(exc, 'screen', None)\n                stacktrace = getattr(exc, 'stacktrace', None)\n            time.sleep(self._poll)\n            if time.time() > end_time:\n                break\n>       raise TimeoutException(message, screen, stacktrace)\nE       selenium.common.exceptions.TimeoutException: Message:\n\n/opt/hostedtoolcache/Python/3.9.5/x64/lib/python3.9/site-packages/selenium/webdriver/support/wait.py:80: TimeoutException","steps":[],"attachments":[{"uid":"58128b15d250f66b","name":"log","source":"58128b15d250f66b.txt","type":"text/plain","size":338},{"uid":"b872994d42b4461","name":"stdout","source":"b872994d42b4461.txt","type":"text/plain","size":1},{"uid":"fac555506b8348b9","name":"stderr","source":"fac555506b8348b9.txt","type":"text/plain","size":267}],"parameters":[],"stepsCount":0,"attachmentsCount":3,"shouldDisplayMessage":true,"hasContent":true},"afterStages":[{"name":"_xunit_setup_method_fixture_TestConduit::0","time":{"start":1654309823904,"stop":1654309823960,"duration":56},"status":"passed","steps":[],"attachments":[],"parameters":[],"stepsCount":0,"attachmentsCount":0,"shouldDisplayMessage":false,"hasContent":false}],"labels":[{"name":"parentSuite","value":"test"},{"name":"suite","value":"test_conduit"},{"name":"subSuite","value":"TestConduit"},{"name":"host","value":"fv-az224-757"},{"name":"thread","value":"3191-MainThread"},{"name":"framework","value":"pytest"},{"name":"language","value":"cpython3"},{"name":"package","value":"test.test_conduit"},{"name":"resultFormat","value":"allure2"}],"parameters":[],"links":[],"hidden":false,"retry":false,"extra":{"severity":"normal","retries":[{"uid":"83e98baf53dca7a","status":"passed","time":{"start":1654030397412,"stop":1654030405077,"duration":7665}}],"categories":[{"name":"Test defects","matchedStatuses":[],"flaky":false}],"tags":[]},"source":"f197c6b64da63557.json","parameterValues":[]}