{"uid":"a952cd94e5bf8a47","name":"test_save_data_to_file","fullName":"test.test_conduit.TestConduit#test_save_data_to_file","historyId":"72b8b34319dbbd2318cd1ad3aeb3c438","time":{"start":1654069262558,"stop":1654069265902,"duration":3344},"status":"broken","statusMessage":"selenium.common.exceptions.TimeoutException: Message:","statusTrace":"self = <test_conduit.TestConduit object at 0x7f48319781c0>\n\n    def test_save_data_to_file(self):\n        self.login()\n    \n>       author = WebDriverWait(self.browser, 3).until(\n            EC.presence_of_all_elements_located((By.XPATH, '//a[@class=\"author\" and  @href = \"#/@testuser1/\"]')))\n\ntest/test_conduit.py:376: \n_ _ _ _ _ _ _ _ _ _ _ _ _ _ _ _ _ _ _ _ _ _ _ _ _ _ _ _ _ _ _ _ _ _ _ _ _ _ _ _ \n\nself = <selenium.webdriver.support.wait.WebDriverWait (session=\"19af3ff526d3018cfd7a495872d3c07f\")>\nmethod = <selenium.webdriver.support.expected_conditions.presence_of_all_elements_located object at 0x7f48326a56d0>\nmessage = ''\n\n    def until(self, method, message=''):\n        \"\"\"Calls the method provided with the driver as an argument until the \\\n        return value is not False.\"\"\"\n        screen = None\n        stacktrace = None\n    \n        end_time = time.time() + self._timeout\n        while True:\n            try:\n                value = method(self._driver)\n                if value:\n                    return value\n            except self._ignored_exceptions as exc:\n                screen = getattr(exc, 'screen', None)\n                stacktrace = getattr(exc, 'stacktrace', None)\n            time.sleep(self._poll)\n            if time.time() > end_time:\n                break\n>       raise TimeoutException(message, screen, stacktrace)\nE       selenium.common.exceptions.TimeoutException: Message:\n\n/opt/hostedtoolcache/Python/3.9.5/x64/lib/python3.9/site-packages/selenium/webdriver/support/wait.py:80: TimeoutException","flaky":false,"newFailed":false,"newBroken":false,"newPassed":false,"retriesCount":1,"retriesStatusChange":true,"beforeStages":[{"name":"_xunit_setup_method_fixture_TestConduit","time":{"start":1654069260996,"stop":1654069262556,"duration":1560},"status":"passed","steps":[],"attachments":[],"parameters":[],"stepsCount":0,"attachmentsCount":0,"shouldDisplayMessage":false,"hasContent":false}],"testStage":{"status":"broken","statusMessage":"selenium.common.exceptions.TimeoutException: Message:","statusTrace":"self = <test_conduit.TestConduit object at 0x7f48319781c0>\n\n    def test_save_data_to_file(self):\n        self.login()\n    \n>       author = WebDriverWait(self.browser, 3).until(\n            EC.presence_of_all_elements_located((By.XPATH, '//a[@class=\"author\" and  @href = \"#/@testuser1/\"]')))\n\ntest/test_conduit.py:376: \n_ _ _ _ _ _ _ _ _ _ _ _ _ _ _ _ _ _ _ _ _ _ _ _ _ _ _ _ _ _ _ _ _ _ _ _ _ _ _ _ \n\nself = <selenium.webdriver.support.wait.WebDriverWait (session=\"19af3ff526d3018cfd7a495872d3c07f\")>\nmethod = <selenium.webdriver.support.expected_conditions.presence_of_all_elements_located object at 0x7f48326a56d0>\nmessage = ''\n\n    def until(self, method, message=''):\n        \"\"\"Calls the method provided with the driver as an argument until the \\\n        return value is not False.\"\"\"\n        screen = None\n        stacktrace = None\n    \n        end_time = time.time() + self._timeout\n        while True:\n            try:\n                value = method(self._driver)\n                if value:\n                    return value\n            except self._ignored_exceptions as exc:\n                screen = getattr(exc, 'screen', None)\n                stacktrace = getattr(exc, 'stacktrace', None)\n            time.sleep(self._poll)\n            if time.time() > end_time:\n                break\n>       raise TimeoutException(message, screen, stacktrace)\nE       selenium.common.exceptions.TimeoutException: Message:\n\n/opt/hostedtoolcache/Python/3.9.5/x64/lib/python3.9/site-packages/selenium/webdriver/support/wait.py:80: TimeoutException","steps":[],"attachments":[{"uid":"2701ab5275f13432","name":"log","source":"2701ab5275f13432.txt","type":"text/plain","size":338},{"uid":"4922ed8721b4b308","name":"stdout","source":"4922ed8721b4b308.txt","type":"text/plain","size":1},{"uid":"10d01bcc45161b44","name":"stderr","source":"10d01bcc45161b44.txt","type":"text/plain","size":267}],"parameters":[],"stepsCount":0,"attachmentsCount":3,"shouldDisplayMessage":true,"hasContent":true},"afterStages":[{"name":"_xunit_setup_method_fixture_TestConduit::0","time":{"start":1654069265912,"stop":1654069265967,"duration":55},"status":"passed","steps":[],"attachments":[],"parameters":[],"stepsCount":0,"attachmentsCount":0,"shouldDisplayMessage":false,"hasContent":false}],"labels":[{"name":"parentSuite","value":"test"},{"name":"suite","value":"test_conduit"},{"name":"subSuite","value":"TestConduit"},{"name":"host","value":"fv-az74-843"},{"name":"thread","value":"3301-MainThread"},{"name":"framework","value":"pytest"},{"name":"language","value":"cpython3"},{"name":"package","value":"test.test_conduit"},{"name":"resultFormat","value":"allure2"}],"parameters":[],"links":[],"hidden":false,"retry":false,"extra":{"severity":"normal","retries":[{"uid":"98120b8c07ab2e27","status":"passed","time":{"start":1654030430206,"stop":1654030435273,"duration":5067}}],"categories":[{"name":"Test defects","matchedStatuses":[],"flaky":false}],"tags":[]},"source":"a952cd94e5bf8a47.json","parameterValues":[]}