{"uid":"1782df2d0c530fdc","name":"test_login","fullName":"test.test_conduit.TestConduit#test_login","historyId":"dfb22bde77ddc1a4db05d8eafb8310d3","time":{"start":1654375290650,"stop":1654375313420,"duration":22770},"status":"broken","statusMessage":"selenium.common.exceptions.TimeoutException: Message:","statusTrace":"self = <test_conduit.TestConduit object at 0x7f3cbb35d460>\n\n    def test_login(self):\n        sign_in_btn = WebDriverWait(self.browser, 6).until(EC.presence_of_element_located((By.XPATH, '//a[@href=\"#/login\"]')))\n        sign_in_btn.click()\n        time.sleep(3)\n    \n        # email_field_xpath = '//input[@type=\"text\"]'\n        # password_field_xpath = '//input[@type=\"password\"]'\n        # find_and_clear_element(self.browser, email_field_xpath).send_keys((test_user[\"email_valid\"]))\n        # find_and_clear_element(self.browser, password_field_xpath).send_keys((test_user[\"pwd_valid\"]))\n        email_field = WebDriverWait(self.browser, 6).until(EC.presence_of_element_located((By.XPATH,'//input[@type=\"text\"]')))\n        password_field = WebDriverWait(self.browser, 6).until(EC.presence_of_element_located((By.XPATH,'//input[@type=\"password\"]')))\n        login_btn = WebDriverWait(self.browser, 6).until(EC.presence_of_element_located((By.XPATH, '//button[@class=\"btn btn-lg btn-primary pull-xs-right\"]')))\n        email_field.send_keys((test_user[\"email_valid\"]))\n        password_field.send_keys((test_user[\"pwd_valid\"]))\n        time.sleep(3)\n        login_btn.click()\n        time.sleep(6)\n    \n>       logged_in_user_name = WebDriverWait(self.browser, 6).until(EC.presence_of_element_located((By.XPATH, '//a[@class=\"nav-link\" and @href=\"#/@csokinyuszi/\"]')))\n\ntest/test_conduit.py:106: \n_ _ _ _ _ _ _ _ _ _ _ _ _ _ _ _ _ _ _ _ _ _ _ _ _ _ _ _ _ _ _ _ _ _ _ _ _ _ _ _ \n\nself = <selenium.webdriver.support.wait.WebDriverWait (session=\"a8a199cc78ef3a5c16a3b331c814b9b2\")>\nmethod = <selenium.webdriver.support.expected_conditions.presence_of_element_located object at 0x7f3cbb1c2040>\nmessage = ''\n\n    def until(self, method, message=''):\n        \"\"\"Calls the method provided with the driver as an argument until the \\\n        return value is not False.\"\"\"\n        screen = None\n        stacktrace = None\n    \n        end_time = time.time() + self._timeout\n        while True:\n            try:\n                value = method(self._driver)\n                if value:\n                    return value\n            except self._ignored_exceptions as exc:\n                screen = getattr(exc, 'screen', None)\n                stacktrace = getattr(exc, 'stacktrace', None)\n            time.sleep(self._poll)\n            if time.time() > end_time:\n                break\n>       raise TimeoutException(message, screen, stacktrace)\nE       selenium.common.exceptions.TimeoutException: Message:\n\n/opt/hostedtoolcache/Python/3.9.5/x64/lib/python3.9/site-packages/selenium/webdriver/support/wait.py:80: TimeoutException","flaky":false,"newFailed":false,"newBroken":false,"newPassed":false,"retriesCount":2,"retriesStatusChange":true,"beforeStages":[{"name":"_xunit_setup_method_fixture_TestConduit","time":{"start":1654375289062,"stop":1654375290649,"duration":1587},"status":"passed","steps":[],"attachments":[],"parameters":[],"stepsCount":0,"attachmentsCount":0,"shouldDisplayMessage":false,"hasContent":false}],"testStage":{"status":"broken","statusMessage":"selenium.common.exceptions.TimeoutException: Message:","statusTrace":"self = <test_conduit.TestConduit object at 0x7f3cbb35d460>\n\n    def test_login(self):\n        sign_in_btn = WebDriverWait(self.browser, 6).until(EC.presence_of_element_located((By.XPATH, '//a[@href=\"#/login\"]')))\n        sign_in_btn.click()\n        time.sleep(3)\n    \n        # email_field_xpath = '//input[@type=\"text\"]'\n        # password_field_xpath = '//input[@type=\"password\"]'\n        # find_and_clear_element(self.browser, email_field_xpath).send_keys((test_user[\"email_valid\"]))\n        # find_and_clear_element(self.browser, password_field_xpath).send_keys((test_user[\"pwd_valid\"]))\n        email_field = WebDriverWait(self.browser, 6).until(EC.presence_of_element_located((By.XPATH,'//input[@type=\"text\"]')))\n        password_field = WebDriverWait(self.browser, 6).until(EC.presence_of_element_located((By.XPATH,'//input[@type=\"password\"]')))\n        login_btn = WebDriverWait(self.browser, 6).until(EC.presence_of_element_located((By.XPATH, '//button[@class=\"btn btn-lg btn-primary pull-xs-right\"]')))\n        email_field.send_keys((test_user[\"email_valid\"]))\n        password_field.send_keys((test_user[\"pwd_valid\"]))\n        time.sleep(3)\n        login_btn.click()\n        time.sleep(6)\n    \n>       logged_in_user_name = WebDriverWait(self.browser, 6).until(EC.presence_of_element_located((By.XPATH, '//a[@class=\"nav-link\" and @href=\"#/@csokinyuszi/\"]')))\n\ntest/test_conduit.py:106: \n_ _ _ _ _ _ _ _ _ _ _ _ _ _ _ _ _ _ _ _ _ _ _ _ _ _ _ _ _ _ _ _ _ _ _ _ _ _ _ _ \n\nself = <selenium.webdriver.support.wait.WebDriverWait (session=\"a8a199cc78ef3a5c16a3b331c814b9b2\")>\nmethod = <selenium.webdriver.support.expected_conditions.presence_of_element_located object at 0x7f3cbb1c2040>\nmessage = ''\n\n    def until(self, method, message=''):\n        \"\"\"Calls the method provided with the driver as an argument until the \\\n        return value is not False.\"\"\"\n        screen = None\n        stacktrace = None\n    \n        end_time = time.time() + self._timeout\n        while True:\n            try:\n                value = method(self._driver)\n                if value:\n                    return value\n            except self._ignored_exceptions as exc:\n                screen = getattr(exc, 'screen', None)\n                stacktrace = getattr(exc, 'stacktrace', None)\n            time.sleep(self._poll)\n            if time.time() > end_time:\n                break\n>       raise TimeoutException(message, screen, stacktrace)\nE       selenium.common.exceptions.TimeoutException: Message:\n\n/opt/hostedtoolcache/Python/3.9.5/x64/lib/python3.9/site-packages/selenium/webdriver/support/wait.py:80: TimeoutException","steps":[],"attachments":[{"uid":"9f91f071c6c5ad9","name":"log","source":"9f91f071c6c5ad9.txt","type":"text/plain","size":338},{"uid":"4f1831bc466a4b37","name":"stdout","source":"4f1831bc466a4b37.txt","type":"text/plain","size":1},{"uid":"fc9f53d4b4e0ab96","name":"stderr","source":"fc9f53d4b4e0ab96.txt","type":"text/plain","size":267}],"parameters":[],"stepsCount":0,"attachmentsCount":3,"shouldDisplayMessage":true,"hasContent":true},"afterStages":[{"name":"_xunit_setup_method_fixture_TestConduit::0","time":{"start":1654375313459,"stop":1654375313514,"duration":55},"status":"passed","steps":[],"attachments":[],"parameters":[],"stepsCount":0,"attachmentsCount":0,"shouldDisplayMessage":false,"hasContent":false}],"labels":[{"name":"parentSuite","value":"test"},{"name":"suite","value":"test_conduit"},{"name":"subSuite","value":"TestConduit"},{"name":"host","value":"fv-az129-201"},{"name":"thread","value":"3307-MainThread"},{"name":"framework","value":"pytest"},{"name":"language","value":"cpython3"},{"name":"package","value":"test.test_conduit"},{"name":"resultFormat","value":"allure2"}],"parameters":[],"links":[],"hidden":false,"retry":false,"extra":{"severity":"normal","retries":[{"uid":"58bc1f61779262c0","status":"passed","time":{"start":1654031598392,"stop":1654031600313,"duration":1921}},{"uid":"d3d16405e50176b7","status":"broken","statusDetails":"selenium.common.exceptions.TimeoutException: Message:","time":{"start":1654030322014,"stop":1654030325033,"duration":3019}}],"categories":[{"name":"Test defects","matchedStatuses":[],"flaky":false}],"tags":[]},"source":"1782df2d0c530fdc.json","parameterValues":[]}