{"uid":"9f842aefe8c969a7","name":"test_login","fullName":"test.test_conduit.TestConduit#test_login","historyId":"dfb22bde77ddc1a4db05d8eafb8310d3","time":{"start":1654456806837,"stop":1654456813188,"duration":6351},"status":"broken","statusMessage":"selenium.common.exceptions.TimeoutException: Message:","statusTrace":"self = <test_conduit.TestConduit object at 0x7f07742f3c10>\n\n    def test_login(self):\n        sign_in_btn = WebDriverWait(self.browser, 10).until(EC.presence_of_element_located((By.XPATH, '//a[@href=\"#/login\"]')))\n        sign_in_btn.click()\n        #time.sleep(10)\n    \n        # email_field_xpath = '//input[@type=\"text\"]'\n        # password_field_xpath = '//input[@type=\"password\"]'\n        # find_and_clear_element(self.browser, email_field_xpath).send_keys((test_user[\"email_valid\"]))\n        # find_and_clear_element(self.browser, password_field_xpath).send_keys((test_user[\"pwd_valid\"]))\n        email_field = WebDriverWait(self.browser, 10).until(EC.presence_of_element_located((By.XPATH,'//input[@type=\"text\"]')))\n        password_field = WebDriverWait(self.browser, 10).until(EC.presence_of_element_located((By.XPATH,'//input[@type=\"password\"]')))\n        login_btn = WebDriverWait(self.browser, 10).until(EC.presence_of_element_located((By.XPATH, '//button[@class=\"btn btn-lg btn-primary pull-xs-right\"]')))\n        email_field.send_keys((test_user[\"email_valid\"]))\n        password_field.send_keys((test_user[\"pwd_valid\"]))\n        #time.sleep(10)\n        login_btn.click()\n        #time.sleep(10)\n    \n>       logged_in_user_name = WebDriverWait(self.browser, 6).until(EC.presence_of_element_located((By.XPATH, '//a[@class=\"nav-link\" and @href=\"#/@csokinyuszi/\"]')))\n\ntest/test_conduit.py:106: \n_ _ _ _ _ _ _ _ _ _ _ _ _ _ _ _ _ _ _ _ _ _ _ _ _ _ _ _ _ _ _ _ _ _ _ _ _ _ _ _ \n\nself = <selenium.webdriver.support.wait.WebDriverWait (session=\"834c3d7ba4f24833dc8a1bf32c076912\")>\nmethod = <selenium.webdriver.support.expected_conditions.presence_of_element_located object at 0x7f07741552b0>\nmessage = ''\n\n    def until(self, method, message=''):\n        \"\"\"Calls the method provided with the driver as an argument until the \\\n        return value is not False.\"\"\"\n        screen = None\n        stacktrace = None\n    \n        end_time = time.time() + self._timeout\n        while True:\n            try:\n                value = method(self._driver)\n                if value:\n                    return value\n            except self._ignored_exceptions as exc:\n                screen = getattr(exc, 'screen', None)\n                stacktrace = getattr(exc, 'stacktrace', None)\n            time.sleep(self._poll)\n            if time.time() > end_time:\n                break\n>       raise TimeoutException(message, screen, stacktrace)\nE       selenium.common.exceptions.TimeoutException: Message:\n\n/opt/hostedtoolcache/Python/3.9.5/x64/lib/python3.9/site-packages/selenium/webdriver/support/wait.py:80: TimeoutException","flaky":false,"newFailed":false,"newBroken":false,"newPassed":false,"retriesCount":2,"retriesStatusChange":true,"beforeStages":[{"name":"_xunit_setup_method_fixture_TestConduit","time":{"start":1654456805362,"stop":1654456806836,"duration":1474},"status":"passed","steps":[],"attachments":[],"parameters":[],"stepsCount":0,"attachmentsCount":0,"shouldDisplayMessage":false,"hasContent":false}],"testStage":{"status":"broken","statusMessage":"selenium.common.exceptions.TimeoutException: Message:","statusTrace":"self = <test_conduit.TestConduit object at 0x7f07742f3c10>\n\n    def test_login(self):\n        sign_in_btn = WebDriverWait(self.browser, 10).until(EC.presence_of_element_located((By.XPATH, '//a[@href=\"#/login\"]')))\n        sign_in_btn.click()\n        #time.sleep(10)\n    \n        # email_field_xpath = '//input[@type=\"text\"]'\n        # password_field_xpath = '//input[@type=\"password\"]'\n        # find_and_clear_element(self.browser, email_field_xpath).send_keys((test_user[\"email_valid\"]))\n        # find_and_clear_element(self.browser, password_field_xpath).send_keys((test_user[\"pwd_valid\"]))\n        email_field = WebDriverWait(self.browser, 10).until(EC.presence_of_element_located((By.XPATH,'//input[@type=\"text\"]')))\n        password_field = WebDriverWait(self.browser, 10).until(EC.presence_of_element_located((By.XPATH,'//input[@type=\"password\"]')))\n        login_btn = WebDriverWait(self.browser, 10).until(EC.presence_of_element_located((By.XPATH, '//button[@class=\"btn btn-lg btn-primary pull-xs-right\"]')))\n        email_field.send_keys((test_user[\"email_valid\"]))\n        password_field.send_keys((test_user[\"pwd_valid\"]))\n        #time.sleep(10)\n        login_btn.click()\n        #time.sleep(10)\n    \n>       logged_in_user_name = WebDriverWait(self.browser, 6).until(EC.presence_of_element_located((By.XPATH, '//a[@class=\"nav-link\" and @href=\"#/@csokinyuszi/\"]')))\n\ntest/test_conduit.py:106: \n_ _ _ _ _ _ _ _ _ _ _ _ _ _ _ _ _ _ _ _ _ _ _ _ _ _ _ _ _ _ _ _ _ _ _ _ _ _ _ _ \n\nself = <selenium.webdriver.support.wait.WebDriverWait (session=\"834c3d7ba4f24833dc8a1bf32c076912\")>\nmethod = <selenium.webdriver.support.expected_conditions.presence_of_element_located object at 0x7f07741552b0>\nmessage = ''\n\n    def until(self, method, message=''):\n        \"\"\"Calls the method provided with the driver as an argument until the \\\n        return value is not False.\"\"\"\n        screen = None\n        stacktrace = None\n    \n        end_time = time.time() + self._timeout\n        while True:\n            try:\n                value = method(self._driver)\n                if value:\n                    return value\n            except self._ignored_exceptions as exc:\n                screen = getattr(exc, 'screen', None)\n                stacktrace = getattr(exc, 'stacktrace', None)\n            time.sleep(self._poll)\n            if time.time() > end_time:\n                break\n>       raise TimeoutException(message, screen, stacktrace)\nE       selenium.common.exceptions.TimeoutException: Message:\n\n/opt/hostedtoolcache/Python/3.9.5/x64/lib/python3.9/site-packages/selenium/webdriver/support/wait.py:80: TimeoutException","steps":[],"attachments":[{"uid":"4284cb800d88db4f","name":"log","source":"4284cb800d88db4f.txt","type":"text/plain","size":338},{"uid":"d375d702d11a99fb","name":"stdout","source":"d375d702d11a99fb.txt","type":"text/plain","size":1},{"uid":"eea4245310209b1f","name":"stderr","source":"eea4245310209b1f.txt","type":"text/plain","size":267}],"parameters":[],"stepsCount":0,"attachmentsCount":3,"shouldDisplayMessage":true,"hasContent":true},"afterStages":[{"name":"_xunit_setup_method_fixture_TestConduit::0","time":{"start":1654456813225,"stop":1654456813283,"duration":58},"status":"passed","steps":[],"attachments":[],"parameters":[],"stepsCount":0,"attachmentsCount":0,"shouldDisplayMessage":false,"hasContent":false}],"labels":[{"name":"parentSuite","value":"test"},{"name":"suite","value":"test_conduit"},{"name":"subSuite","value":"TestConduit"},{"name":"host","value":"fv-az135-430"},{"name":"thread","value":"3137-MainThread"},{"name":"framework","value":"pytest"},{"name":"language","value":"cpython3"},{"name":"package","value":"test.test_conduit"},{"name":"resultFormat","value":"allure2"}],"parameters":[],"links":[],"hidden":false,"retry":false,"extra":{"severity":"normal","retries":[{"uid":"d625e53eba7e5680","status":"passed","time":{"start":1654031598392,"stop":1654031600313,"duration":1921}},{"uid":"79e5a6f377207ed8","status":"broken","statusDetails":"selenium.common.exceptions.TimeoutException: Message:","time":{"start":1654030322014,"stop":1654030325033,"duration":3019}}],"categories":[{"name":"Test defects","matchedStatuses":[],"flaky":false}],"tags":[]},"source":"9f842aefe8c969a7.json","parameterValues":[]}