{"uid":"41422cecf0d1066","name":"test_login","fullName":"test.test_conduit.TestConduit#test_login","historyId":"dfb22bde77ddc1a4db05d8eafb8310d3","time":{"start":1654460850886,"stop":1654460857666,"duration":6780},"status":"broken","statusMessage":"selenium.common.exceptions.TimeoutException: Message:","statusTrace":"self = <test_conduit.TestConduit object at 0x7f38a7b19310>\n\n    def test_login(self):\n        sign_in_btn = WebDriverWait(self.browser, 10).until(EC.element_to_be_clickable((By.XPATH, '//a[@href=\"#/login\"]')))\n        #sign_in_btn = self.browser.find_element_by_xpath('//a[@href=\"#/login\"]')\n        sign_in_btn.click()\n        wait_until = \".element-i-want-to-be-present, .not-found-warning\"\n        EC.element_to_be_clickable((By.CSS_SELECTOR, wait_until))\n    \n        email_field_xpath = '//input[@type=\"text\"]'\n        password_field_xpath = '//input[@type=\"password\"]'\n        find_and_clear_element(self.browser, email_field_xpath).send_keys((test_user[\"email_valid\"]))\n        find_and_clear_element(self.browser, password_field_xpath).send_keys((test_user[\"pwd_valid\"]))\n        #email_field = WebDriverWait(self.browser, 10).until(EC.presence_of_element_located((By.XPATH,'//input[@type=\"text\"]')))\n        #password_field = WebDriverWait(self.browser, 10).until(EC.presence_of_element_located((By.XPATH,'//input[@type=\"password\"]')))\n        login_btn = WebDriverWait(self.browser, 10).until(EC.element_to_be_clickable((By.XPATH, '//button[@class=\"btn btn-lg btn-primary pull-xs-right\"]')))\n        login_btn = self.browser.find_element_by_xpath('//button[@class=\"btn btn-lg btn-primary pull-xs-right\"]')\n        #email_field.send_keys((test_user[\"email_valid\"]))\n        #password_field.send_keys((test_user[\"pwd_valid\"]))\n        #time.sleep(10)\n        login_btn.click()\n        #wait_until = \".element-i-want-to-be-present, .not-found-warning\" EC.element_to_be_clickable((By.CSS_SELECTOR, wait_until))\n    \n>       logged_in_user_name = WebDriverWait(self.browser, 6).until(EC.element_to_be_clickable((By.XPATH, '//a[@class=\"nav-link\" and @href=\"#/@csokinyuszi/\"]')))\n\ntest/test_conduit.py:109: \n_ _ _ _ _ _ _ _ _ _ _ _ _ _ _ _ _ _ _ _ _ _ _ _ _ _ _ _ _ _ _ _ _ _ _ _ _ _ _ _ \n\nself = <selenium.webdriver.support.wait.WebDriverWait (session=\"47baea1697a0b94de7552fa4540801a6\")>\nmethod = <selenium.webdriver.support.expected_conditions.element_to_be_clickable object at 0x7f38a738a880>\nmessage = ''\n\n    def until(self, method, message=''):\n        \"\"\"Calls the method provided with the driver as an argument until the \\\n        return value is not False.\"\"\"\n        screen = None\n        stacktrace = None\n    \n        end_time = time.time() + self._timeout\n        while True:\n            try:\n                value = method(self._driver)\n                if value:\n                    return value\n            except self._ignored_exceptions as exc:\n                screen = getattr(exc, 'screen', None)\n                stacktrace = getattr(exc, 'stacktrace', None)\n            time.sleep(self._poll)\n            if time.time() > end_time:\n                break\n>       raise TimeoutException(message, screen, stacktrace)\nE       selenium.common.exceptions.TimeoutException: Message:\n\n/opt/hostedtoolcache/Python/3.9.5/x64/lib/python3.9/site-packages/selenium/webdriver/support/wait.py:80: TimeoutException","flaky":false,"newFailed":false,"newBroken":false,"newPassed":false,"retriesCount":2,"retriesStatusChange":true,"beforeStages":[{"name":"_xunit_setup_method_fixture_TestConduit","time":{"start":1654460844664,"stop":1654460850883,"duration":6219},"status":"passed","steps":[],"attachments":[],"parameters":[],"stepsCount":0,"attachmentsCount":0,"shouldDisplayMessage":false,"hasContent":false}],"testStage":{"status":"broken","statusMessage":"selenium.common.exceptions.TimeoutException: Message:","statusTrace":"self = <test_conduit.TestConduit object at 0x7f38a7b19310>\n\n    def test_login(self):\n        sign_in_btn = WebDriverWait(self.browser, 10).until(EC.element_to_be_clickable((By.XPATH, '//a[@href=\"#/login\"]')))\n        #sign_in_btn = self.browser.find_element_by_xpath('//a[@href=\"#/login\"]')\n        sign_in_btn.click()\n        wait_until = \".element-i-want-to-be-present, .not-found-warning\"\n        EC.element_to_be_clickable((By.CSS_SELECTOR, wait_until))\n    \n        email_field_xpath = '//input[@type=\"text\"]'\n        password_field_xpath = '//input[@type=\"password\"]'\n        find_and_clear_element(self.browser, email_field_xpath).send_keys((test_user[\"email_valid\"]))\n        find_and_clear_element(self.browser, password_field_xpath).send_keys((test_user[\"pwd_valid\"]))\n        #email_field = WebDriverWait(self.browser, 10).until(EC.presence_of_element_located((By.XPATH,'//input[@type=\"text\"]')))\n        #password_field = WebDriverWait(self.browser, 10).until(EC.presence_of_element_located((By.XPATH,'//input[@type=\"password\"]')))\n        login_btn = WebDriverWait(self.browser, 10).until(EC.element_to_be_clickable((By.XPATH, '//button[@class=\"btn btn-lg btn-primary pull-xs-right\"]')))\n        login_btn = self.browser.find_element_by_xpath('//button[@class=\"btn btn-lg btn-primary pull-xs-right\"]')\n        #email_field.send_keys((test_user[\"email_valid\"]))\n        #password_field.send_keys((test_user[\"pwd_valid\"]))\n        #time.sleep(10)\n        login_btn.click()\n        #wait_until = \".element-i-want-to-be-present, .not-found-warning\" EC.element_to_be_clickable((By.CSS_SELECTOR, wait_until))\n    \n>       logged_in_user_name = WebDriverWait(self.browser, 6).until(EC.element_to_be_clickable((By.XPATH, '//a[@class=\"nav-link\" and @href=\"#/@csokinyuszi/\"]')))\n\ntest/test_conduit.py:109: \n_ _ _ _ _ _ _ _ _ _ _ _ _ _ _ _ _ _ _ _ _ _ _ _ _ _ _ _ _ _ _ _ _ _ _ _ _ _ _ _ \n\nself = <selenium.webdriver.support.wait.WebDriverWait (session=\"47baea1697a0b94de7552fa4540801a6\")>\nmethod = <selenium.webdriver.support.expected_conditions.element_to_be_clickable object at 0x7f38a738a880>\nmessage = ''\n\n    def until(self, method, message=''):\n        \"\"\"Calls the method provided with the driver as an argument until the \\\n        return value is not False.\"\"\"\n        screen = None\n        stacktrace = None\n    \n        end_time = time.time() + self._timeout\n        while True:\n            try:\n                value = method(self._driver)\n                if value:\n                    return value\n            except self._ignored_exceptions as exc:\n                screen = getattr(exc, 'screen', None)\n                stacktrace = getattr(exc, 'stacktrace', None)\n            time.sleep(self._poll)\n            if time.time() > end_time:\n                break\n>       raise TimeoutException(message, screen, stacktrace)\nE       selenium.common.exceptions.TimeoutException: Message:\n\n/opt/hostedtoolcache/Python/3.9.5/x64/lib/python3.9/site-packages/selenium/webdriver/support/wait.py:80: TimeoutException","steps":[],"attachments":[{"uid":"e79eda6525a0f4d6","name":"log","source":"e79eda6525a0f4d6.txt","type":"text/plain","size":570},{"uid":"f82af6a026e3f36c","name":"stdout","source":"f82af6a026e3f36c.txt","type":"text/plain","size":1},{"uid":"b3a41934e6b47e4f","name":"stderr","source":"b3a41934e6b47e4f.txt","type":"text/plain","size":463}],"parameters":[],"stepsCount":0,"attachmentsCount":3,"shouldDisplayMessage":true,"hasContent":true},"afterStages":[{"name":"_xunit_setup_method_fixture_TestConduit::0","time":{"start":1654460857713,"stop":1654460857769,"duration":56},"status":"passed","steps":[],"attachments":[],"parameters":[],"stepsCount":0,"attachmentsCount":0,"shouldDisplayMessage":false,"hasContent":false}],"labels":[{"name":"parentSuite","value":"test"},{"name":"suite","value":"test_conduit"},{"name":"subSuite","value":"TestConduit"},{"name":"host","value":"fv-az449-617"},{"name":"thread","value":"3128-MainThread"},{"name":"framework","value":"pytest"},{"name":"language","value":"cpython3"},{"name":"package","value":"test.test_conduit"},{"name":"resultFormat","value":"allure2"}],"parameters":[],"links":[],"hidden":false,"retry":false,"extra":{"severity":"normal","retries":[{"uid":"2b8eae464adbf944","status":"passed","time":{"start":1654031598392,"stop":1654031600313,"duration":1921}},{"uid":"81a2150014167936","status":"broken","statusDetails":"selenium.common.exceptions.TimeoutException: Message:","time":{"start":1654030322014,"stop":1654030325033,"duration":3019}}],"categories":[{"name":"Test defects","matchedStatuses":[],"flaky":false}],"tags":[]},"source":"41422cecf0d1066.json","parameterValues":[]}