{"uid":"3c93f72ae3dde4e9","name":"test_login","fullName":"test.test_conduit.TestConduit#test_login","historyId":"dfb22bde77ddc1a4db05d8eafb8310d3","time":{"start":1654358459425,"stop":1654358468903,"duration":9478},"status":"broken","statusMessage":"selenium.common.exceptions.TimeoutException: Message:","statusTrace":"self = <test_conduit.TestConduit object at 0x7f54319b7cd0>\n\n    def test_login(self):\n        sign_in_btn = WebDriverWait(self.browser, 6).until(\n            EC.presence_of_element_located((By.XPATH, '//a[@href=\"#/login\"]')))\n        sign_in_btn.click()\n    \n        email_field_xpath = '//input[@placeholder=\"Email\"]'\n        password_field_xpath = '//input[@placeholder=\"Password\"]'\n    \n        find_and_clear_element(self.browser, email_field_xpath).send_keys((test_user[\"email_valid\"]))\n        find_and_clear_element(self.browser, password_field_xpath).send_keys((test_user[\"pwd_valid\"]))\n    \n        login_btn = self.browser.find_element_by_xpath('//button[@class=\"btn btn-lg btn-primary pull-xs-right\"]')\n        login_btn.click()\n    \n        time.sleep(3)\n    \n>       logged_in_user_name = WebDriverWait(self.browser, 6).until(\n            EC.presence_of_element_located((By.XPATH, '//a[@href=\"#/@csokinyuszi/\" and @class=\"nav-link\"]')))\n\ntest/test_conduit.py:81: \n_ _ _ _ _ _ _ _ _ _ _ _ _ _ _ _ _ _ _ _ _ _ _ _ _ _ _ _ _ _ _ _ _ _ _ _ _ _ _ _ \n\nself = <selenium.webdriver.support.wait.WebDriverWait (session=\"da8af0ccff489ff24cf221a8817ba816\")>\nmethod = <selenium.webdriver.support.expected_conditions.presence_of_element_located object at 0x7f5431983c70>\nmessage = ''\n\n    def until(self, method, message=''):\n        \"\"\"Calls the method provided with the driver as an argument until the \\\n        return value is not False.\"\"\"\n        screen = None\n        stacktrace = None\n    \n        end_time = time.time() + self._timeout\n        while True:\n            try:\n                value = method(self._driver)\n                if value:\n                    return value\n            except self._ignored_exceptions as exc:\n                screen = getattr(exc, 'screen', None)\n                stacktrace = getattr(exc, 'stacktrace', None)\n            time.sleep(self._poll)\n            if time.time() > end_time:\n                break\n>       raise TimeoutException(message, screen, stacktrace)\nE       selenium.common.exceptions.TimeoutException: Message:\n\n/opt/hostedtoolcache/Python/3.9.5/x64/lib/python3.9/site-packages/selenium/webdriver/support/wait.py:80: TimeoutException","flaky":false,"newFailed":false,"newBroken":false,"newPassed":false,"retriesCount":2,"retriesStatusChange":true,"beforeStages":[{"name":"_xunit_setup_method_fixture_TestConduit","time":{"start":1654358457861,"stop":1654358459424,"duration":1563},"status":"passed","steps":[],"attachments":[],"parameters":[],"stepsCount":0,"attachmentsCount":0,"shouldDisplayMessage":false,"hasContent":false}],"testStage":{"status":"broken","statusMessage":"selenium.common.exceptions.TimeoutException: Message:","statusTrace":"self = <test_conduit.TestConduit object at 0x7f54319b7cd0>\n\n    def test_login(self):\n        sign_in_btn = WebDriverWait(self.browser, 6).until(\n            EC.presence_of_element_located((By.XPATH, '//a[@href=\"#/login\"]')))\n        sign_in_btn.click()\n    \n        email_field_xpath = '//input[@placeholder=\"Email\"]'\n        password_field_xpath = '//input[@placeholder=\"Password\"]'\n    \n        find_and_clear_element(self.browser, email_field_xpath).send_keys((test_user[\"email_valid\"]))\n        find_and_clear_element(self.browser, password_field_xpath).send_keys((test_user[\"pwd_valid\"]))\n    \n        login_btn = self.browser.find_element_by_xpath('//button[@class=\"btn btn-lg btn-primary pull-xs-right\"]')\n        login_btn.click()\n    \n        time.sleep(3)\n    \n>       logged_in_user_name = WebDriverWait(self.browser, 6).until(\n            EC.presence_of_element_located((By.XPATH, '//a[@href=\"#/@csokinyuszi/\" and @class=\"nav-link\"]')))\n\ntest/test_conduit.py:81: \n_ _ _ _ _ _ _ _ _ _ _ _ _ _ _ _ _ _ _ _ _ _ _ _ _ _ _ _ _ _ _ _ _ _ _ _ _ _ _ _ \n\nself = <selenium.webdriver.support.wait.WebDriverWait (session=\"da8af0ccff489ff24cf221a8817ba816\")>\nmethod = <selenium.webdriver.support.expected_conditions.presence_of_element_located object at 0x7f5431983c70>\nmessage = ''\n\n    def until(self, method, message=''):\n        \"\"\"Calls the method provided with the driver as an argument until the \\\n        return value is not False.\"\"\"\n        screen = None\n        stacktrace = None\n    \n        end_time = time.time() + self._timeout\n        while True:\n            try:\n                value = method(self._driver)\n                if value:\n                    return value\n            except self._ignored_exceptions as exc:\n                screen = getattr(exc, 'screen', None)\n                stacktrace = getattr(exc, 'stacktrace', None)\n            time.sleep(self._poll)\n            if time.time() > end_time:\n                break\n>       raise TimeoutException(message, screen, stacktrace)\nE       selenium.common.exceptions.TimeoutException: Message:\n\n/opt/hostedtoolcache/Python/3.9.5/x64/lib/python3.9/site-packages/selenium/webdriver/support/wait.py:80: TimeoutException","steps":[],"attachments":[{"uid":"506cfe9e9a22b9fb","name":"log","source":"506cfe9e9a22b9fb.txt","type":"text/plain","size":338},{"uid":"1f0b5ae687f051b7","name":"stdout","source":"1f0b5ae687f051b7.txt","type":"text/plain","size":1},{"uid":"d3fd570af5432229","name":"stderr","source":"d3fd570af5432229.txt","type":"text/plain","size":267}],"parameters":[],"stepsCount":0,"attachmentsCount":3,"shouldDisplayMessage":true,"hasContent":true},"afterStages":[{"name":"_xunit_setup_method_fixture_TestConduit::0","time":{"start":1654358468974,"stop":1654358469031,"duration":57},"status":"passed","steps":[],"attachments":[],"parameters":[],"stepsCount":0,"attachmentsCount":0,"shouldDisplayMessage":false,"hasContent":false}],"labels":[{"name":"parentSuite","value":"test"},{"name":"suite","value":"test_conduit"},{"name":"subSuite","value":"TestConduit"},{"name":"host","value":"fv-az136-901"},{"name":"thread","value":"3183-MainThread"},{"name":"framework","value":"pytest"},{"name":"language","value":"cpython3"},{"name":"package","value":"test.test_conduit"},{"name":"resultFormat","value":"allure2"}],"parameters":[],"links":[],"hidden":false,"retry":false,"extra":{"severity":"normal","retries":[{"uid":"91d81a3b1522a04c","status":"passed","time":{"start":1654031598392,"stop":1654031600313,"duration":1921}},{"uid":"5e31ec4df5f08807","status":"broken","statusDetails":"selenium.common.exceptions.TimeoutException: Message:","time":{"start":1654030322014,"stop":1654030325033,"duration":3019}}],"categories":[{"name":"Test defects","matchedStatuses":[],"flaky":false}],"tags":[]},"source":"3c93f72ae3dde4e9.json","parameterValues":[]}