{"uid":"32002e55415760ac","name":"test_logout","fullName":"test.test_conduit.TestConduit#test_logout","historyId":"2d54cfc625c2b1ae70e58e076de50a5c","time":{"start":1654405536508,"stop":1654405551852,"duration":15344},"status":"broken","statusMessage":"selenium.common.exceptions.TimeoutException: Message:","statusTrace":"self = <test_conduit.TestConduit object at 0x7f31d7488f70>\n\n    def test_logout(self):\n        login(self.browser, (test_user[\"email_valid\"]), (test_user[\"pwd_valid\"]))\n    \n>       logout_btn = WebDriverWait(self.browser, 6).until(\n            EC.presence_of_element_located((By.XPATH, '//a[@active-class=\"active\"]')))\n\ntest/test_conduit.py:117: \n_ _ _ _ _ _ _ _ _ _ _ _ _ _ _ _ _ _ _ _ _ _ _ _ _ _ _ _ _ _ _ _ _ _ _ _ _ _ _ _ \n\nself = <selenium.webdriver.support.wait.WebDriverWait (session=\"85d572b9f2ebf3062e45fca6c28fedd2\")>\nmethod = <selenium.webdriver.support.expected_conditions.presence_of_element_located object at 0x7f31d72bd1f0>\nmessage = ''\n\n    def until(self, method, message=''):\n        \"\"\"Calls the method provided with the driver as an argument until the \\\n        return value is not False.\"\"\"\n        screen = None\n        stacktrace = None\n    \n        end_time = time.time() + self._timeout\n        while True:\n            try:\n                value = method(self._driver)\n                if value:\n                    return value\n            except self._ignored_exceptions as exc:\n                screen = getattr(exc, 'screen', None)\n                stacktrace = getattr(exc, 'stacktrace', None)\n            time.sleep(self._poll)\n            if time.time() > end_time:\n                break\n>       raise TimeoutException(message, screen, stacktrace)\nE       selenium.common.exceptions.TimeoutException: Message:\n\n/opt/hostedtoolcache/Python/3.9.5/x64/lib/python3.9/site-packages/selenium/webdriver/support/wait.py:80: TimeoutException","flaky":false,"newFailed":false,"newBroken":false,"newPassed":false,"retriesCount":2,"retriesStatusChange":true,"beforeStages":[{"name":"_xunit_setup_method_fixture_TestConduit","time":{"start":1654405525015,"stop":1654405536507,"duration":11492},"status":"passed","steps":[],"attachments":[],"parameters":[],"stepsCount":0,"attachmentsCount":0,"shouldDisplayMessage":false,"hasContent":false}],"testStage":{"status":"broken","statusMessage":"selenium.common.exceptions.TimeoutException: Message:","statusTrace":"self = <test_conduit.TestConduit object at 0x7f31d7488f70>\n\n    def test_logout(self):\n        login(self.browser, (test_user[\"email_valid\"]), (test_user[\"pwd_valid\"]))\n    \n>       logout_btn = WebDriverWait(self.browser, 6).until(\n            EC.presence_of_element_located((By.XPATH, '//a[@active-class=\"active\"]')))\n\ntest/test_conduit.py:117: \n_ _ _ _ _ _ _ _ _ _ _ _ _ _ _ _ _ _ _ _ _ _ _ _ _ _ _ _ _ _ _ _ _ _ _ _ _ _ _ _ \n\nself = <selenium.webdriver.support.wait.WebDriverWait (session=\"85d572b9f2ebf3062e45fca6c28fedd2\")>\nmethod = <selenium.webdriver.support.expected_conditions.presence_of_element_located object at 0x7f31d72bd1f0>\nmessage = ''\n\n    def until(self, method, message=''):\n        \"\"\"Calls the method provided with the driver as an argument until the \\\n        return value is not False.\"\"\"\n        screen = None\n        stacktrace = None\n    \n        end_time = time.time() + self._timeout\n        while True:\n            try:\n                value = method(self._driver)\n                if value:\n                    return value\n            except self._ignored_exceptions as exc:\n                screen = getattr(exc, 'screen', None)\n                stacktrace = getattr(exc, 'stacktrace', None)\n            time.sleep(self._poll)\n            if time.time() > end_time:\n                break\n>       raise TimeoutException(message, screen, stacktrace)\nE       selenium.common.exceptions.TimeoutException: Message:\n\n/opt/hostedtoolcache/Python/3.9.5/x64/lib/python3.9/site-packages/selenium/webdriver/support/wait.py:80: TimeoutException","steps":[],"attachments":[{"uid":"46b8a206d970ed25","name":"log","source":"46b8a206d970ed25.txt","type":"text/plain","size":338},{"uid":"8166e88e846a7168","name":"stdout","source":"8166e88e846a7168.txt","type":"text/plain","size":1},{"uid":"e337eff6c5391049","name":"stderr","source":"e337eff6c5391049.txt","type":"text/plain","size":267}],"parameters":[],"stepsCount":0,"attachmentsCount":3,"shouldDisplayMessage":true,"hasContent":true},"afterStages":[{"name":"_xunit_setup_method_fixture_TestConduit::0","time":{"start":1654405551858,"stop":1654405551915,"duration":57},"status":"passed","steps":[],"attachments":[],"parameters":[],"stepsCount":0,"attachmentsCount":0,"shouldDisplayMessage":false,"hasContent":false}],"labels":[{"name":"parentSuite","value":"test"},{"name":"suite","value":"test_conduit"},{"name":"subSuite","value":"TestConduit"},{"name":"host","value":"fv-az135-74"},{"name":"thread","value":"3167-MainThread"},{"name":"framework","value":"pytest"},{"name":"language","value":"cpython3"},{"name":"package","value":"test.test_conduit"},{"name":"resultFormat","value":"allure2"}],"parameters":[],"links":[],"hidden":false,"retry":false,"extra":{"severity":"normal","retries":[{"uid":"9c8809c57afd9e6f","status":"passed","time":{"start":1654031606086,"stop":1654031608063,"duration":1977}},{"uid":"1c878a2af7786452","status":"passed","time":{"start":1654030330792,"stop":1654030332665,"duration":1873}}],"categories":[{"name":"Test defects","matchedStatuses":[],"flaky":false}],"tags":[]},"source":"32002e55415760ac.json","parameterValues":[]}