{"uid":"6202a4f20a61bd3","name":"test_login","fullName":"test.test_conduit.TestConduit#test_login","historyId":"dfb22bde77ddc1a4db05d8eafb8310d3","time":{"start":1654460520397,"stop":1654460526999,"duration":6602},"status":"broken","statusMessage":"selenium.common.exceptions.TimeoutException: Message:","statusTrace":"self = <test_conduit.TestConduit object at 0x7f5317d237c0>\n\n    def test_login(self):\n        sign_in_btn = WebDriverWait(self.browser, 10).until(EC.element_to_be_clickable((By.XPATH, '//a[@href=\"#/login\"]')))\n        #sign_in_btn = self.browser.find_element_by_xpath('//a[@href=\"#/login\"]')\n        sign_in_btn.click()\n        wait_until = \".element-i-want-to-be-present, .not-found-warning\"\n        EC.element_to_be_clickable((By.CSS_SELECTOR, wait_until))\n    \n        email_field_xpath = '//input[@type=\"text\"]'\n        password_field_xpath = '//input[@type=\"password\"]'\n        find_and_clear_element(self.browser, email_field_xpath).send_keys((test_user[\"email_valid\"]))\n        find_and_clear_element(self.browser, password_field_xpath).send_keys((test_user[\"pwd_valid\"]))\n        #email_field = WebDriverWait(self.browser, 10).until(EC.presence_of_element_located((By.XPATH,'//input[@type=\"text\"]')))\n        #password_field = WebDriverWait(self.browser, 10).until(EC.presence_of_element_located((By.XPATH,'//input[@type=\"password\"]')))\n        login_btn = WebDriverWait(self.browser, 10).until(EC.element_to_be_clickable((By.XPATH, '//button[@class=\"btn btn-lg btn-primary pull-xs-right\"]')))\n        login_btn = self.browser.find_element_by_xpath('//button[@class=\"btn btn-lg btn-primary pull-xs-right\"]')\n        #email_field.send_keys((test_user[\"email_valid\"]))\n        #password_field.send_keys((test_user[\"pwd_valid\"]))\n        #time.sleep(10)\n        login_btn.click()\n        wait_until = \".element-i-want-to-be-present, .not-found-warning\"\n        EC.element_to_be_clickable((By.CSS_SELECTOR, wait_until))\n    \n>       logged_in_user_name = WebDriverWait(self.browser, 6).until(EC.element_to_be_clickable((By.XPATH, '//a[@class=\"nav-link\" and @href=\"#/@csokinyuszi/\"]')))\n\ntest/test_conduit.py:110: \n_ _ _ _ _ _ _ _ _ _ _ _ _ _ _ _ _ _ _ _ _ _ _ _ _ _ _ _ _ _ _ _ _ _ _ _ _ _ _ _ \n\nself = <selenium.webdriver.support.wait.WebDriverWait (session=\"adb0d1b1650aea679808f52090ae09d2\")>\nmethod = <selenium.webdriver.support.expected_conditions.element_to_be_clickable object at 0x7f5317b84a30>\nmessage = ''\n\n    def until(self, method, message=''):\n        \"\"\"Calls the method provided with the driver as an argument until the \\\n        return value is not False.\"\"\"\n        screen = None\n        stacktrace = None\n    \n        end_time = time.time() + self._timeout\n        while True:\n            try:\n                value = method(self._driver)\n                if value:\n                    return value\n            except self._ignored_exceptions as exc:\n                screen = getattr(exc, 'screen', None)\n                stacktrace = getattr(exc, 'stacktrace', None)\n            time.sleep(self._poll)\n            if time.time() > end_time:\n                break\n>       raise TimeoutException(message, screen, stacktrace)\nE       selenium.common.exceptions.TimeoutException: Message:\n\n/opt/hostedtoolcache/Python/3.9.5/x64/lib/python3.9/site-packages/selenium/webdriver/support/wait.py:80: TimeoutException","flaky":false,"newFailed":false,"newBroken":false,"newPassed":false,"retriesCount":2,"retriesStatusChange":true,"beforeStages":[{"name":"_xunit_setup_method_fixture_TestConduit","time":{"start":1654460517736,"stop":1654460520394,"duration":2658},"status":"passed","steps":[],"attachments":[],"parameters":[],"stepsCount":0,"attachmentsCount":0,"shouldDisplayMessage":false,"hasContent":false}],"testStage":{"status":"broken","statusMessage":"selenium.common.exceptions.TimeoutException: Message:","statusTrace":"self = <test_conduit.TestConduit object at 0x7f5317d237c0>\n\n    def test_login(self):\n        sign_in_btn = WebDriverWait(self.browser, 10).until(EC.element_to_be_clickable((By.XPATH, '//a[@href=\"#/login\"]')))\n        #sign_in_btn = self.browser.find_element_by_xpath('//a[@href=\"#/login\"]')\n        sign_in_btn.click()\n        wait_until = \".element-i-want-to-be-present, .not-found-warning\"\n        EC.element_to_be_clickable((By.CSS_SELECTOR, wait_until))\n    \n        email_field_xpath = '//input[@type=\"text\"]'\n        password_field_xpath = '//input[@type=\"password\"]'\n        find_and_clear_element(self.browser, email_field_xpath).send_keys((test_user[\"email_valid\"]))\n        find_and_clear_element(self.browser, password_field_xpath).send_keys((test_user[\"pwd_valid\"]))\n        #email_field = WebDriverWait(self.browser, 10).until(EC.presence_of_element_located((By.XPATH,'//input[@type=\"text\"]')))\n        #password_field = WebDriverWait(self.browser, 10).until(EC.presence_of_element_located((By.XPATH,'//input[@type=\"password\"]')))\n        login_btn = WebDriverWait(self.browser, 10).until(EC.element_to_be_clickable((By.XPATH, '//button[@class=\"btn btn-lg btn-primary pull-xs-right\"]')))\n        login_btn = self.browser.find_element_by_xpath('//button[@class=\"btn btn-lg btn-primary pull-xs-right\"]')\n        #email_field.send_keys((test_user[\"email_valid\"]))\n        #password_field.send_keys((test_user[\"pwd_valid\"]))\n        #time.sleep(10)\n        login_btn.click()\n        wait_until = \".element-i-want-to-be-present, .not-found-warning\"\n        EC.element_to_be_clickable((By.CSS_SELECTOR, wait_until))\n    \n>       logged_in_user_name = WebDriverWait(self.browser, 6).until(EC.element_to_be_clickable((By.XPATH, '//a[@class=\"nav-link\" and @href=\"#/@csokinyuszi/\"]')))\n\ntest/test_conduit.py:110: \n_ _ _ _ _ _ _ _ _ _ _ _ _ _ _ _ _ _ _ _ _ _ _ _ _ _ _ _ _ _ _ _ _ _ _ _ _ _ _ _ \n\nself = <selenium.webdriver.support.wait.WebDriverWait (session=\"adb0d1b1650aea679808f52090ae09d2\")>\nmethod = <selenium.webdriver.support.expected_conditions.element_to_be_clickable object at 0x7f5317b84a30>\nmessage = ''\n\n    def until(self, method, message=''):\n        \"\"\"Calls the method provided with the driver as an argument until the \\\n        return value is not False.\"\"\"\n        screen = None\n        stacktrace = None\n    \n        end_time = time.time() + self._timeout\n        while True:\n            try:\n                value = method(self._driver)\n                if value:\n                    return value\n            except self._ignored_exceptions as exc:\n                screen = getattr(exc, 'screen', None)\n                stacktrace = getattr(exc, 'stacktrace', None)\n            time.sleep(self._poll)\n            if time.time() > end_time:\n                break\n>       raise TimeoutException(message, screen, stacktrace)\nE       selenium.common.exceptions.TimeoutException: Message:\n\n/opt/hostedtoolcache/Python/3.9.5/x64/lib/python3.9/site-packages/selenium/webdriver/support/wait.py:80: TimeoutException","steps":[],"attachments":[{"uid":"8513dfdfbe8db49d","name":"log","source":"8513dfdfbe8db49d.txt","type":"text/plain","size":570},{"uid":"317bf35e3164d5c5","name":"stdout","source":"317bf35e3164d5c5.txt","type":"text/plain","size":1},{"uid":"79670d2fb5d279ff","name":"stderr","source":"79670d2fb5d279ff.txt","type":"text/plain","size":463}],"parameters":[],"stepsCount":0,"attachmentsCount":3,"shouldDisplayMessage":true,"hasContent":true},"afterStages":[{"name":"_xunit_setup_method_fixture_TestConduit::0","time":{"start":1654460527050,"stop":1654460527106,"duration":56},"status":"passed","steps":[],"attachments":[],"parameters":[],"stepsCount":0,"attachmentsCount":0,"shouldDisplayMessage":false,"hasContent":false}],"labels":[{"name":"parentSuite","value":"test"},{"name":"suite","value":"test_conduit"},{"name":"subSuite","value":"TestConduit"},{"name":"host","value":"fv-az203-742"},{"name":"thread","value":"3192-MainThread"},{"name":"framework","value":"pytest"},{"name":"language","value":"cpython3"},{"name":"package","value":"test.test_conduit"},{"name":"resultFormat","value":"allure2"}],"parameters":[],"links":[],"hidden":false,"retry":false,"extra":{"severity":"normal","retries":[{"uid":"679689b9f6037b4e","status":"passed","time":{"start":1654031598392,"stop":1654031600313,"duration":1921}},{"uid":"ec75ee76a6590cfc","status":"broken","statusDetails":"selenium.common.exceptions.TimeoutException: Message:","time":{"start":1654030322014,"stop":1654030325033,"duration":3019}}],"categories":[{"name":"Test defects","matchedStatuses":[],"flaky":false}],"tags":[]},"source":"6202a4f20a61bd3.json","parameterValues":[]}