{"uid":"610ee45fbc072e4f","name":"test_create_new_element","fullName":"test.test_conduit.TestConduit#test_create_new_element","historyId":"483573fc93b14b4d5caf0347d94c4924","time":{"start":1654360369065,"stop":1654360375546,"duration":6481},"status":"broken","statusMessage":"selenium.common.exceptions.TimeoutException: Message:","statusTrace":"self = <test_conduit.TestConduit object at 0x7f6be27a5580>\n\n    def test_create_new_element(self):\n        login(self.browser, (test_user[\"email_valid\"]), (test_user[\"pwd_valid\"]))\n>       click_logged_in_user_name(self.browser)\n\ntest/test_conduit.py:127: \n_ _ _ _ _ _ _ _ _ _ _ _ _ _ _ _ _ _ _ _ _ _ _ _ _ _ _ _ _ _ _ _ _ _ _ _ _ _ _ _ \ntest/functions.py:23: in click_logged_in_user_name\n    logged_in_user_name = WebDriverWait(browser, 6).until(\n_ _ _ _ _ _ _ _ _ _ _ _ _ _ _ _ _ _ _ _ _ _ _ _ _ _ _ _ _ _ _ _ _ _ _ _ _ _ _ _ \n\nself = <selenium.webdriver.support.wait.WebDriverWait (session=\"0ed2a780130ecf648a6798b11f3186d9\")>\nmethod = <selenium.webdriver.support.expected_conditions.presence_of_element_located object at 0x7f6be18cca60>\nmessage = ''\n\n    def until(self, method, message=''):\n        \"\"\"Calls the method provided with the driver as an argument until the \\\n        return value is not False.\"\"\"\n        screen = None\n        stacktrace = None\n    \n        end_time = time.time() + self._timeout\n        while True:\n            try:\n                value = method(self._driver)\n                if value:\n                    return value\n            except self._ignored_exceptions as exc:\n                screen = getattr(exc, 'screen', None)\n                stacktrace = getattr(exc, 'stacktrace', None)\n            time.sleep(self._poll)\n            if time.time() > end_time:\n                break\n>       raise TimeoutException(message, screen, stacktrace)\nE       selenium.common.exceptions.TimeoutException: Message:\n\n/opt/hostedtoolcache/Python/3.9.5/x64/lib/python3.9/site-packages/selenium/webdriver/support/wait.py:80: TimeoutException","flaky":false,"newFailed":false,"newBroken":false,"newPassed":false,"retriesCount":1,"retriesStatusChange":true,"beforeStages":[{"name":"_xunit_setup_method_fixture_TestConduit","time":{"start":1654360367465,"stop":1654360369064,"duration":1599},"status":"passed","steps":[],"attachments":[],"parameters":[],"stepsCount":0,"attachmentsCount":0,"shouldDisplayMessage":false,"hasContent":false}],"testStage":{"status":"broken","statusMessage":"selenium.common.exceptions.TimeoutException: Message:","statusTrace":"self = <test_conduit.TestConduit object at 0x7f6be27a5580>\n\n    def test_create_new_element(self):\n        login(self.browser, (test_user[\"email_valid\"]), (test_user[\"pwd_valid\"]))\n>       click_logged_in_user_name(self.browser)\n\ntest/test_conduit.py:127: \n_ _ _ _ _ _ _ _ _ _ _ _ _ _ _ _ _ _ _ _ _ _ _ _ _ _ _ _ _ _ _ _ _ _ _ _ _ _ _ _ \ntest/functions.py:23: in click_logged_in_user_name\n    logged_in_user_name = WebDriverWait(browser, 6).until(\n_ _ _ _ _ _ _ _ _ _ _ _ _ _ _ _ _ _ _ _ _ _ _ _ _ _ _ _ _ _ _ _ _ _ _ _ _ _ _ _ \n\nself = <selenium.webdriver.support.wait.WebDriverWait (session=\"0ed2a780130ecf648a6798b11f3186d9\")>\nmethod = <selenium.webdriver.support.expected_conditions.presence_of_element_located object at 0x7f6be18cca60>\nmessage = ''\n\n    def until(self, method, message=''):\n        \"\"\"Calls the method provided with the driver as an argument until the \\\n        return value is not False.\"\"\"\n        screen = None\n        stacktrace = None\n    \n        end_time = time.time() + self._timeout\n        while True:\n            try:\n                value = method(self._driver)\n                if value:\n                    return value\n            except self._ignored_exceptions as exc:\n                screen = getattr(exc, 'screen', None)\n                stacktrace = getattr(exc, 'stacktrace', None)\n            time.sleep(self._poll)\n            if time.time() > end_time:\n                break\n>       raise TimeoutException(message, screen, stacktrace)\nE       selenium.common.exceptions.TimeoutException: Message:\n\n/opt/hostedtoolcache/Python/3.9.5/x64/lib/python3.9/site-packages/selenium/webdriver/support/wait.py:80: TimeoutException","steps":[],"attachments":[{"uid":"14a93637a3d5dd60","name":"log","source":"14a93637a3d5dd60.txt","type":"text/plain","size":338},{"uid":"6e0a04700053d150","name":"stdout","source":"6e0a04700053d150.txt","type":"text/plain","size":1},{"uid":"18ae5cd6fa26b7b","name":"stderr","source":"18ae5cd6fa26b7b.txt","type":"text/plain","size":267}],"parameters":[],"stepsCount":0,"attachmentsCount":3,"shouldDisplayMessage":true,"hasContent":true},"afterStages":[{"name":"_xunit_setup_method_fixture_TestConduit::0","time":{"start":1654360375561,"stop":1654360375619,"duration":58},"status":"passed","steps":[],"attachments":[],"parameters":[],"stepsCount":0,"attachmentsCount":0,"shouldDisplayMessage":false,"hasContent":false}],"labels":[{"name":"parentSuite","value":"test"},{"name":"suite","value":"test_conduit"},{"name":"subSuite","value":"TestConduit"},{"name":"host","value":"fv-az453-596"},{"name":"thread","value":"3178-MainThread"},{"name":"framework","value":"pytest"},{"name":"language","value":"cpython3"},{"name":"package","value":"test.test_conduit"},{"name":"resultFormat","value":"allure2"}],"parameters":[],"links":[],"hidden":false,"retry":false,"extra":{"severity":"normal","retries":[{"uid":"1357cda9e0e98e9b","status":"passed","time":{"start":1654030346290,"stop":1654030353626,"duration":7336}}],"categories":[{"name":"Test defects","matchedStatuses":[],"flaky":false}],"tags":[]},"source":"610ee45fbc072e4f.json","parameterValues":[]}