{"uid":"6e44405c7c3ef960","name":"test_delete_element","fullName":"test.test_conduit.TestConduit#test_delete_element","historyId":"86adca619ebd3350c8055e0e4156b023","time":{"start":1654360377207,"stop":1654360383663,"duration":6456},"status":"broken","statusMessage":"selenium.common.exceptions.TimeoutException: Message:","statusTrace":"self = <test_conduit.TestConduit object at 0x7f6be27a5430>\n\n    def test_delete_element(self):\n        login(self.browser, (test_user[\"email_valid\"]), (test_user[\"pwd_valid\"]))\n>       new_article_btn = WebDriverWait(self.browser, 6).until(\n            EC.presence_of_element_located((By.XPATH, '//a[@href=\"#/editor\"]')))\n\ntest/test_conduit.py:151: \n_ _ _ _ _ _ _ _ _ _ _ _ _ _ _ _ _ _ _ _ _ _ _ _ _ _ _ _ _ _ _ _ _ _ _ _ _ _ _ _ \n\nself = <selenium.webdriver.support.wait.WebDriverWait (session=\"954853c565c41534cfd6ada778e03241\")>\nmethod = <selenium.webdriver.support.expected_conditions.presence_of_element_located object at 0x7f6be1886700>\nmessage = ''\n\n    def until(self, method, message=''):\n        \"\"\"Calls the method provided with the driver as an argument until the \\\n        return value is not False.\"\"\"\n        screen = None\n        stacktrace = None\n    \n        end_time = time.time() + self._timeout\n        while True:\n            try:\n                value = method(self._driver)\n                if value:\n                    return value\n            except self._ignored_exceptions as exc:\n                screen = getattr(exc, 'screen', None)\n                stacktrace = getattr(exc, 'stacktrace', None)\n            time.sleep(self._poll)\n            if time.time() > end_time:\n                break\n>       raise TimeoutException(message, screen, stacktrace)\nE       selenium.common.exceptions.TimeoutException: Message:\n\n/opt/hostedtoolcache/Python/3.9.5/x64/lib/python3.9/site-packages/selenium/webdriver/support/wait.py:80: TimeoutException","flaky":false,"newFailed":false,"newBroken":false,"newPassed":false,"retriesCount":1,"retriesStatusChange":true,"beforeStages":[{"name":"_xunit_setup_method_fixture_TestConduit","time":{"start":1654360375622,"stop":1654360377206,"duration":1584},"status":"passed","steps":[],"attachments":[],"parameters":[],"stepsCount":0,"attachmentsCount":0,"shouldDisplayMessage":false,"hasContent":false}],"testStage":{"status":"broken","statusMessage":"selenium.common.exceptions.TimeoutException: Message:","statusTrace":"self = <test_conduit.TestConduit object at 0x7f6be27a5430>\n\n    def test_delete_element(self):\n        login(self.browser, (test_user[\"email_valid\"]), (test_user[\"pwd_valid\"]))\n>       new_article_btn = WebDriverWait(self.browser, 6).until(\n            EC.presence_of_element_located((By.XPATH, '//a[@href=\"#/editor\"]')))\n\ntest/test_conduit.py:151: \n_ _ _ _ _ _ _ _ _ _ _ _ _ _ _ _ _ _ _ _ _ _ _ _ _ _ _ _ _ _ _ _ _ _ _ _ _ _ _ _ \n\nself = <selenium.webdriver.support.wait.WebDriverWait (session=\"954853c565c41534cfd6ada778e03241\")>\nmethod = <selenium.webdriver.support.expected_conditions.presence_of_element_located object at 0x7f6be1886700>\nmessage = ''\n\n    def until(self, method, message=''):\n        \"\"\"Calls the method provided with the driver as an argument until the \\\n        return value is not False.\"\"\"\n        screen = None\n        stacktrace = None\n    \n        end_time = time.time() + self._timeout\n        while True:\n            try:\n                value = method(self._driver)\n                if value:\n                    return value\n            except self._ignored_exceptions as exc:\n                screen = getattr(exc, 'screen', None)\n                stacktrace = getattr(exc, 'stacktrace', None)\n            time.sleep(self._poll)\n            if time.time() > end_time:\n                break\n>       raise TimeoutException(message, screen, stacktrace)\nE       selenium.common.exceptions.TimeoutException: Message:\n\n/opt/hostedtoolcache/Python/3.9.5/x64/lib/python3.9/site-packages/selenium/webdriver/support/wait.py:80: TimeoutException","steps":[],"attachments":[{"uid":"6fcbf6b60f6b86ad","name":"log","source":"6fcbf6b60f6b86ad.txt","type":"text/plain","size":338},{"uid":"e53f3c735e29181d","name":"stdout","source":"e53f3c735e29181d.txt","type":"text/plain","size":1},{"uid":"670e047c8122756f","name":"stderr","source":"670e047c8122756f.txt","type":"text/plain","size":267}],"parameters":[],"stepsCount":0,"attachmentsCount":3,"shouldDisplayMessage":true,"hasContent":true},"afterStages":[{"name":"_xunit_setup_method_fixture_TestConduit::0","time":{"start":1654360383676,"stop":1654360383732,"duration":56},"status":"passed","steps":[],"attachments":[],"parameters":[],"stepsCount":0,"attachmentsCount":0,"shouldDisplayMessage":false,"hasContent":false}],"labels":[{"name":"parentSuite","value":"test"},{"name":"suite","value":"test_conduit"},{"name":"subSuite","value":"TestConduit"},{"name":"host","value":"fv-az453-596"},{"name":"thread","value":"3178-MainThread"},{"name":"framework","value":"pytest"},{"name":"language","value":"cpython3"},{"name":"package","value":"test.test_conduit"},{"name":"resultFormat","value":"allure2"}],"parameters":[],"links":[],"hidden":false,"retry":false,"extra":{"severity":"normal","retries":[{"uid":"c6ddddc2a016a9a6","status":"passed","time":{"start":1654030361537,"stop":1654030375492,"duration":13955}}],"categories":[{"name":"Test defects","matchedStatuses":[],"flaky":false}],"tags":[]},"source":"6e44405c7c3ef960.json","parameterValues":[]}