{"uid":"7bce784a51a0e688","name":"test_login","fullName":"test.test_conduit.TestConduit#test_login","historyId":"dfb22bde77ddc1a4db05d8eafb8310d3","time":{"start":1654360339002,"stop":1654360351488,"duration":12486},"status":"broken","statusMessage":"selenium.common.exceptions.TimeoutException: Message:","statusTrace":"self = <test_conduit.TestConduit object at 0x7f6be27a5970>\n\n    def test_login(self):\n        sign_in_btn = WebDriverWait(self.browser, 6).until(\n            EC.presence_of_element_located((By.XPATH, '//a[@href=\"#/login\"]')))\n        sign_in_btn.click()\n    \n        email_field_xpath = '//input[@placeholder=\"Email\"]'\n        password_field_xpath = '//input[@placeholder=\"Password\"]'\n    \n        find_and_clear_element(self.browser, email_field_xpath).send_keys((test_user[\"email_valid\"]))\n        find_and_clear_element(self.browser, password_field_xpath).send_keys((test_user[\"pwd_valid\"]))\n    \n        login_btn = self.browser.find_element_by_xpath('//button[@class=\"btn btn-lg btn-primary pull-xs-right\"]')\n        login_btn.click()\n    \n        time.sleep(6)\n    \n>       logged_in_user_name = WebDriverWait(self.browser, 6).until(\n            EC.presence_of_element_located((By.XPATH, '//a[@href=\"#/@csokinyuszi/\" and @class=\"nav-link\"]')))\n\ntest/test_conduit.py:81: \n_ _ _ _ _ _ _ _ _ _ _ _ _ _ _ _ _ _ _ _ _ _ _ _ _ _ _ _ _ _ _ _ _ _ _ _ _ _ _ _ \n\nself = <selenium.webdriver.support.wait.WebDriverWait (session=\"c949fe59479be96d942a1eadf40b4a12\")>\nmethod = <selenium.webdriver.support.expected_conditions.presence_of_element_located object at 0x7f6be27695b0>\nmessage = ''\n\n    def until(self, method, message=''):\n        \"\"\"Calls the method provided with the driver as an argument until the \\\n        return value is not False.\"\"\"\n        screen = None\n        stacktrace = None\n    \n        end_time = time.time() + self._timeout\n        while True:\n            try:\n                value = method(self._driver)\n                if value:\n                    return value\n            except self._ignored_exceptions as exc:\n                screen = getattr(exc, 'screen', None)\n                stacktrace = getattr(exc, 'stacktrace', None)\n            time.sleep(self._poll)\n            if time.time() > end_time:\n                break\n>       raise TimeoutException(message, screen, stacktrace)\nE       selenium.common.exceptions.TimeoutException: Message:\n\n/opt/hostedtoolcache/Python/3.9.5/x64/lib/python3.9/site-packages/selenium/webdriver/support/wait.py:80: TimeoutException","flaky":false,"newFailed":false,"newBroken":false,"newPassed":false,"retriesCount":2,"retriesStatusChange":true,"beforeStages":[{"name":"_xunit_setup_method_fixture_TestConduit","time":{"start":1654360337438,"stop":1654360339001,"duration":1563},"status":"passed","steps":[],"attachments":[],"parameters":[],"stepsCount":0,"attachmentsCount":0,"shouldDisplayMessage":false,"hasContent":false}],"testStage":{"status":"broken","statusMessage":"selenium.common.exceptions.TimeoutException: Message:","statusTrace":"self = <test_conduit.TestConduit object at 0x7f6be27a5970>\n\n    def test_login(self):\n        sign_in_btn = WebDriverWait(self.browser, 6).until(\n            EC.presence_of_element_located((By.XPATH, '//a[@href=\"#/login\"]')))\n        sign_in_btn.click()\n    \n        email_field_xpath = '//input[@placeholder=\"Email\"]'\n        password_field_xpath = '//input[@placeholder=\"Password\"]'\n    \n        find_and_clear_element(self.browser, email_field_xpath).send_keys((test_user[\"email_valid\"]))\n        find_and_clear_element(self.browser, password_field_xpath).send_keys((test_user[\"pwd_valid\"]))\n    \n        login_btn = self.browser.find_element_by_xpath('//button[@class=\"btn btn-lg btn-primary pull-xs-right\"]')\n        login_btn.click()\n    \n        time.sleep(6)\n    \n>       logged_in_user_name = WebDriverWait(self.browser, 6).until(\n            EC.presence_of_element_located((By.XPATH, '//a[@href=\"#/@csokinyuszi/\" and @class=\"nav-link\"]')))\n\ntest/test_conduit.py:81: \n_ _ _ _ _ _ _ _ _ _ _ _ _ _ _ _ _ _ _ _ _ _ _ _ _ _ _ _ _ _ _ _ _ _ _ _ _ _ _ _ \n\nself = <selenium.webdriver.support.wait.WebDriverWait (session=\"c949fe59479be96d942a1eadf40b4a12\")>\nmethod = <selenium.webdriver.support.expected_conditions.presence_of_element_located object at 0x7f6be27695b0>\nmessage = ''\n\n    def until(self, method, message=''):\n        \"\"\"Calls the method provided with the driver as an argument until the \\\n        return value is not False.\"\"\"\n        screen = None\n        stacktrace = None\n    \n        end_time = time.time() + self._timeout\n        while True:\n            try:\n                value = method(self._driver)\n                if value:\n                    return value\n            except self._ignored_exceptions as exc:\n                screen = getattr(exc, 'screen', None)\n                stacktrace = getattr(exc, 'stacktrace', None)\n            time.sleep(self._poll)\n            if time.time() > end_time:\n                break\n>       raise TimeoutException(message, screen, stacktrace)\nE       selenium.common.exceptions.TimeoutException: Message:\n\n/opt/hostedtoolcache/Python/3.9.5/x64/lib/python3.9/site-packages/selenium/webdriver/support/wait.py:80: TimeoutException","steps":[],"attachments":[{"uid":"3dee797e1d8cdeec","name":"log","source":"3dee797e1d8cdeec.txt","type":"text/plain","size":338},{"uid":"e2770b2da6fd22cf","name":"stdout","source":"e2770b2da6fd22cf.txt","type":"text/plain","size":1},{"uid":"797d87b5a75f87f7","name":"stderr","source":"797d87b5a75f87f7.txt","type":"text/plain","size":267}],"parameters":[],"stepsCount":0,"attachmentsCount":3,"shouldDisplayMessage":true,"hasContent":true},"afterStages":[{"name":"_xunit_setup_method_fixture_TestConduit::0","time":{"start":1654360351556,"stop":1654360351612,"duration":56},"status":"passed","steps":[],"attachments":[],"parameters":[],"stepsCount":0,"attachmentsCount":0,"shouldDisplayMessage":false,"hasContent":false}],"labels":[{"name":"parentSuite","value":"test"},{"name":"suite","value":"test_conduit"},{"name":"subSuite","value":"TestConduit"},{"name":"host","value":"fv-az453-596"},{"name":"thread","value":"3178-MainThread"},{"name":"framework","value":"pytest"},{"name":"language","value":"cpython3"},{"name":"package","value":"test.test_conduit"},{"name":"resultFormat","value":"allure2"}],"parameters":[],"links":[],"hidden":false,"retry":false,"extra":{"severity":"normal","retries":[{"uid":"1ad23228ee642f77","status":"passed","time":{"start":1654031598392,"stop":1654031600313,"duration":1921}},{"uid":"9ee216fbd09c63ce","status":"broken","statusDetails":"selenium.common.exceptions.TimeoutException: Message:","time":{"start":1654030322014,"stop":1654030325033,"duration":3019}}],"categories":[{"name":"Test defects","matchedStatuses":[],"flaky":false}],"tags":[]},"source":"7bce784a51a0e688.json","parameterValues":[]}