{"uid":"ee83e022017d20f8","name":"test_import_data_from_file","fullName":"test.test_conduit.TestConduit#test_import_data_from_file","historyId":"d18e4e72c7fc6ee4f34357206236047f","time":{"start":1654619121357,"stop":1654619148123,"duration":26766},"status":"broken","statusMessage":"selenium.common.exceptions.TimeoutException: Message:","statusTrace":"self = <test_conduit.TestConduit object at 0x7f8fb81e93a0>\n\n    def test_import_data_from_file(self):\n        login(self.browser, (test_user[\"email_valid\"]), (test_user[\"pwd_valid\"]))\n        time.sleep(6)\n>       click_logged_in_user_name(self.browser)\n\ntest/test_conduit.py:187: \n_ _ _ _ _ _ _ _ _ _ _ _ _ _ _ _ _ _ _ _ _ _ _ _ _ _ _ _ _ _ _ _ _ _ _ _ _ _ _ _ \ntest/functions.py:25: in click_logged_in_user_name\n    logged_in_user_name = WebDriverWait(browser, 5).until(\n_ _ _ _ _ _ _ _ _ _ _ _ _ _ _ _ _ _ _ _ _ _ _ _ _ _ _ _ _ _ _ _ _ _ _ _ _ _ _ _ \n\nself = <selenium.webdriver.support.wait.WebDriverWait (session=\"def0e596c5f550a3a47706d539c6fc6b\")>\nmethod = <selenium.webdriver.support.expected_conditions.presence_of_element_located object at 0x7f8fb72437c0>\nmessage = ''\n\n    def until(self, method, message=''):\n        \"\"\"Calls the method provided with the driver as an argument until the \\\n        return value is not False.\"\"\"\n        screen = None\n        stacktrace = None\n    \n        end_time = time.time() + self._timeout\n        while True:\n            try:\n                value = method(self._driver)\n                if value:\n                    return value\n            except self._ignored_exceptions as exc:\n                screen = getattr(exc, 'screen', None)\n                stacktrace = getattr(exc, 'stacktrace', None)\n            time.sleep(self._poll)\n            if time.time() > end_time:\n                break\n>       raise TimeoutException(message, screen, stacktrace)\nE       selenium.common.exceptions.TimeoutException: Message:\n\n/opt/hostedtoolcache/Python/3.9.5/x64/lib/python3.9/site-packages/selenium/webdriver/support/wait.py:80: TimeoutException","flaky":false,"newFailed":false,"newBroken":false,"newPassed":false,"retriesCount":1,"retriesStatusChange":false,"beforeStages":[{"name":"_xunit_setup_method_fixture_TestConduit","time":{"start":1654619119891,"stop":1654619121355,"duration":1464},"status":"passed","steps":[],"attachments":[],"parameters":[],"stepsCount":0,"attachmentsCount":0,"shouldDisplayMessage":false,"hasContent":false}],"testStage":{"status":"broken","statusMessage":"selenium.common.exceptions.TimeoutException: Message:","statusTrace":"self = <test_conduit.TestConduit object at 0x7f8fb81e93a0>\n\n    def test_import_data_from_file(self):\n        login(self.browser, (test_user[\"email_valid\"]), (test_user[\"pwd_valid\"]))\n        time.sleep(6)\n>       click_logged_in_user_name(self.browser)\n\ntest/test_conduit.py:187: \n_ _ _ _ _ _ _ _ _ _ _ _ _ _ _ _ _ _ _ _ _ _ _ _ _ _ _ _ _ _ _ _ _ _ _ _ _ _ _ _ \ntest/functions.py:25: in click_logged_in_user_name\n    logged_in_user_name = WebDriverWait(browser, 5).until(\n_ _ _ _ _ _ _ _ _ _ _ _ _ _ _ _ _ _ _ _ _ _ _ _ _ _ _ _ _ _ _ _ _ _ _ _ _ _ _ _ \n\nself = <selenium.webdriver.support.wait.WebDriverWait (session=\"def0e596c5f550a3a47706d539c6fc6b\")>\nmethod = <selenium.webdriver.support.expected_conditions.presence_of_element_located object at 0x7f8fb72437c0>\nmessage = ''\n\n    def until(self, method, message=''):\n        \"\"\"Calls the method provided with the driver as an argument until the \\\n        return value is not False.\"\"\"\n        screen = None\n        stacktrace = None\n    \n        end_time = time.time() + self._timeout\n        while True:\n            try:\n                value = method(self._driver)\n                if value:\n                    return value\n            except self._ignored_exceptions as exc:\n                screen = getattr(exc, 'screen', None)\n                stacktrace = getattr(exc, 'stacktrace', None)\n            time.sleep(self._poll)\n            if time.time() > end_time:\n                break\n>       raise TimeoutException(message, screen, stacktrace)\nE       selenium.common.exceptions.TimeoutException: Message:\n\n/opt/hostedtoolcache/Python/3.9.5/x64/lib/python3.9/site-packages/selenium/webdriver/support/wait.py:80: TimeoutException","steps":[],"attachments":[{"uid":"cfa049720251ff1c","name":"log","source":"cfa049720251ff1c.txt","type":"text/plain","size":338},{"uid":"3f503249808ed9fd","name":"stdout","source":"3f503249808ed9fd.txt","type":"text/plain","size":1},{"uid":"46943f418dcb4480","name":"stderr","source":"46943f418dcb4480.txt","type":"text/plain","size":267}],"parameters":[],"stepsCount":0,"attachmentsCount":3,"shouldDisplayMessage":true,"hasContent":true},"afterStages":[{"name":"_xunit_setup_method_fixture_TestConduit::0","time":{"start":1654619148136,"stop":1654619148197,"duration":61},"status":"passed","steps":[],"attachments":[],"parameters":[],"stepsCount":0,"attachmentsCount":0,"shouldDisplayMessage":false,"hasContent":false}],"labels":[{"name":"parentSuite","value":"test"},{"name":"suite","value":"test_conduit"},{"name":"subSuite","value":"TestConduit"},{"name":"host","value":"fv-az399-502"},{"name":"thread","value":"3187-MainThread"},{"name":"framework","value":"pytest"},{"name":"language","value":"cpython3"},{"name":"package","value":"test.test_conduit"},{"name":"resultFormat","value":"allure2"}],"parameters":[],"links":[],"hidden":false,"retry":false,"extra":{"severity":"normal","retries":[{"uid":"ef0152f7d90f94d","status":"broken","statusDetails":"FileNotFoundError: [Errno 2] No such file or directory: 'madardalok.csv'","time":{"start":1654030381461,"stop":1654030391403,"duration":9942}}],"categories":[{"name":"Test defects","matchedStatuses":[],"flaky":false}],"tags":[]},"source":"ee83e022017d20f8.json","parameterValues":[]}