{"uid":"67ea600dc6e2f40e","name":"test_delete_element","fullName":"test.test_conduit.TestConduit#test_delete_element","historyId":"86adca619ebd3350c8055e0e4156b023","time":{"start":1654360947098,"stop":1654360957823,"duration":10725},"status":"broken","statusMessage":"selenium.common.exceptions.TimeoutException: Message:","statusTrace":"self = <test_conduit.TestConduit object at 0x7fee8be17730>\n\n    def test_delete_element(self):\n        login(self.browser, (test_user[\"email_valid\"]), (test_user[\"pwd_valid\"]))\n>       new_article_btn = WebDriverWait(self.browser, 6).until(\n            EC.presence_of_element_located((By.XPATH, '//a[@href=\"#/editor\"]')))\n\ntest/test_conduit.py:153: \n_ _ _ _ _ _ _ _ _ _ _ _ _ _ _ _ _ _ _ _ _ _ _ _ _ _ _ _ _ _ _ _ _ _ _ _ _ _ _ _ \n\nself = <selenium.webdriver.support.wait.WebDriverWait (session=\"47dc6c9db1ccccaaeda009a5eb4c3f9b\")>\nmethod = <selenium.webdriver.support.expected_conditions.presence_of_element_located object at 0x7fee8aeeb730>\nmessage = ''\n\n    def until(self, method, message=''):\n        \"\"\"Calls the method provided with the driver as an argument until the \\\n        return value is not False.\"\"\"\n        screen = None\n        stacktrace = None\n    \n        end_time = time.time() + self._timeout\n        while True:\n            try:\n                value = method(self._driver)\n                if value:\n                    return value\n            except self._ignored_exceptions as exc:\n                screen = getattr(exc, 'screen', None)\n                stacktrace = getattr(exc, 'stacktrace', None)\n            time.sleep(self._poll)\n            if time.time() > end_time:\n                break\n>       raise TimeoutException(message, screen, stacktrace)\nE       selenium.common.exceptions.TimeoutException: Message:\n\n/opt/hostedtoolcache/Python/3.9.5/x64/lib/python3.9/site-packages/selenium/webdriver/support/wait.py:80: TimeoutException","flaky":false,"newFailed":false,"newBroken":false,"newPassed":false,"retriesCount":1,"retriesStatusChange":true,"beforeStages":[{"name":"_xunit_setup_method_fixture_TestConduit","time":{"start":1654360945633,"stop":1654360947097,"duration":1464},"status":"passed","steps":[],"attachments":[],"parameters":[],"stepsCount":0,"attachmentsCount":0,"shouldDisplayMessage":false,"hasContent":false}],"testStage":{"status":"broken","statusMessage":"selenium.common.exceptions.TimeoutException: Message:","statusTrace":"self = <test_conduit.TestConduit object at 0x7fee8be17730>\n\n    def test_delete_element(self):\n        login(self.browser, (test_user[\"email_valid\"]), (test_user[\"pwd_valid\"]))\n>       new_article_btn = WebDriverWait(self.browser, 6).until(\n            EC.presence_of_element_located((By.XPATH, '//a[@href=\"#/editor\"]')))\n\ntest/test_conduit.py:153: \n_ _ _ _ _ _ _ _ _ _ _ _ _ _ _ _ _ _ _ _ _ _ _ _ _ _ _ _ _ _ _ _ _ _ _ _ _ _ _ _ \n\nself = <selenium.webdriver.support.wait.WebDriverWait (session=\"47dc6c9db1ccccaaeda009a5eb4c3f9b\")>\nmethod = <selenium.webdriver.support.expected_conditions.presence_of_element_located object at 0x7fee8aeeb730>\nmessage = ''\n\n    def until(self, method, message=''):\n        \"\"\"Calls the method provided with the driver as an argument until the \\\n        return value is not False.\"\"\"\n        screen = None\n        stacktrace = None\n    \n        end_time = time.time() + self._timeout\n        while True:\n            try:\n                value = method(self._driver)\n                if value:\n                    return value\n            except self._ignored_exceptions as exc:\n                screen = getattr(exc, 'screen', None)\n                stacktrace = getattr(exc, 'stacktrace', None)\n            time.sleep(self._poll)\n            if time.time() > end_time:\n                break\n>       raise TimeoutException(message, screen, stacktrace)\nE       selenium.common.exceptions.TimeoutException: Message:\n\n/opt/hostedtoolcache/Python/3.9.5/x64/lib/python3.9/site-packages/selenium/webdriver/support/wait.py:80: TimeoutException","steps":[],"attachments":[{"uid":"79ef887470b1fc87","name":"log","source":"79ef887470b1fc87.txt","type":"text/plain","size":338},{"uid":"1f7de45d17c2c833","name":"stdout","source":"1f7de45d17c2c833.txt","type":"text/plain","size":1},{"uid":"f2cfa0e06670e0f2","name":"stderr","source":"f2cfa0e06670e0f2.txt","type":"text/plain","size":267}],"parameters":[],"stepsCount":0,"attachmentsCount":3,"shouldDisplayMessage":true,"hasContent":true},"afterStages":[{"name":"_xunit_setup_method_fixture_TestConduit::0","time":{"start":1654360957835,"stop":1654360957891,"duration":56},"status":"passed","steps":[],"attachments":[],"parameters":[],"stepsCount":0,"attachmentsCount":0,"shouldDisplayMessage":false,"hasContent":false}],"labels":[{"name":"parentSuite","value":"test"},{"name":"suite","value":"test_conduit"},{"name":"subSuite","value":"TestConduit"},{"name":"host","value":"fv-az456-831"},{"name":"thread","value":"3067-MainThread"},{"name":"framework","value":"pytest"},{"name":"language","value":"cpython3"},{"name":"package","value":"test.test_conduit"},{"name":"resultFormat","value":"allure2"}],"parameters":[],"links":[],"hidden":false,"retry":false,"extra":{"severity":"normal","retries":[{"uid":"48de7cfc8fe990b1","status":"passed","time":{"start":1654030361537,"stop":1654030375492,"duration":13955}}],"categories":[{"name":"Test defects","matchedStatuses":[],"flaky":false}],"tags":[]},"source":"67ea600dc6e2f40e.json","parameterValues":[]}