{"uid":"df5ddb33fa679bb","name":"test_registration","fullName":"test.test_conduit.TestConduit#test_registration","historyId":"449695f6039cc9b1b387a819d6e9ef14","time":{"start":1655359064602,"stop":1655359065073,"duration":471},"status":"failed","statusMessage":"AssertionError: assert False\n +  where False = <bound method WebElement.is_displayed of <selenium.webdriver.remote.webelement.WebElement (session=\"8d8e9a55307bfee006a035fa338d8063\", element=\"05810856-9845-47c9-9c2d-91f8bd032e86\")>>()\n +    where <bound method WebElement.is_displayed of <selenium.webdriver.remote.webelement.WebElement (session=\"8d8e9a55307bfee006a035fa338d8063\", element=\"05810856-9845-47c9-9c2d-91f8bd032e86\")>> = <selenium.webdriver.remote.webelement.WebElement (session=\"8d8e9a55307bfee006a035fa338d8063\", element=\"05810856-9845-47c9-9c2d-91f8bd032e86\")>.is_displayed","statusTrace":"self = <test_conduit.TestConduit object at 0x7f2ee8cc0460>\n\n    def test_registration(self):\n        sign_up_btn = WebDriverWait(self.browser, 3).until(\n            EC.presence_of_element_located((By.XPATH, '//a[@href=\"#/register\"]')))\n        sign_up_btn.click()\n    \n        username_field = WebDriverWait(self.browser, 3).until(\n            EC.presence_of_element_located((By.XPATH, '//input[@placeholder=\"Username\"]')))\n        username_field.clear()\n        username_field.send_keys(test_user[\"username_invalid\"])\n    \n        email_field = self.browser.find_element_by_xpath('//input[@placeholder=\"Email\"]')\n        email_field.clear()\n        email_field.send_keys(test_user[\"email_invalid\"])\n    \n        password_field = self.browser.find_element_by_xpath('//input[@placeholder=\"Password\"]')\n        password_field.clear()\n        password_field.send_keys(test_user[\"pwd_invalid\"])\n    \n        login_btn = self.browser.find_element_by_xpath('//button[@class=\"btn btn-lg btn-primary pull-xs-right\"]')\n    \n        login_btn.click()\n    \n        alert_popup = WebDriverWait(self.browser, 3).until(\n            EC.presence_of_element_located((By.XPATH, '//div[@class=\"swal-modal\"]')))\n>       assert alert_popup.is_displayed()\nE       assert False\nE        +  where False = <bound method WebElement.is_displayed of <selenium.webdriver.remote.webelement.WebElement (session=\"8d8e9a55307bfee006a035fa338d8063\", element=\"05810856-9845-47c9-9c2d-91f8bd032e86\")>>()\nE        +    where <bound method WebElement.is_displayed of <selenium.webdriver.remote.webelement.WebElement (session=\"8d8e9a55307bfee006a035fa338d8063\", element=\"05810856-9845-47c9-9c2d-91f8bd032e86\")>> = <selenium.webdriver.remote.webelement.WebElement (session=\"8d8e9a55307bfee006a035fa338d8063\", element=\"05810856-9845-47c9-9c2d-91f8bd032e86\")>.is_displayed\n\ntest/test_conduit.py:69: AssertionError","flaky":false,"newFailed":false,"newBroken":false,"newPassed":false,"retriesCount":2,"retriesStatusChange":true,"beforeStages":[{"name":"_xunit_setup_method_fixture_TestConduit","time":{"start":1655359063031,"stop":1655359064601,"duration":1570},"status":"passed","steps":[],"attachments":[],"parameters":[],"stepsCount":0,"attachmentsCount":0,"shouldDisplayMessage":false,"hasContent":false}],"testStage":{"status":"failed","statusMessage":"AssertionError: assert False\n +  where False = <bound method WebElement.is_displayed of <selenium.webdriver.remote.webelement.WebElement (session=\"8d8e9a55307bfee006a035fa338d8063\", element=\"05810856-9845-47c9-9c2d-91f8bd032e86\")>>()\n +    where <bound method WebElement.is_displayed of <selenium.webdriver.remote.webelement.WebElement (session=\"8d8e9a55307bfee006a035fa338d8063\", element=\"05810856-9845-47c9-9c2d-91f8bd032e86\")>> = <selenium.webdriver.remote.webelement.WebElement (session=\"8d8e9a55307bfee006a035fa338d8063\", element=\"05810856-9845-47c9-9c2d-91f8bd032e86\")>.is_displayed","statusTrace":"self = <test_conduit.TestConduit object at 0x7f2ee8cc0460>\n\n    def test_registration(self):\n        sign_up_btn = WebDriverWait(self.browser, 3).until(\n            EC.presence_of_element_located((By.XPATH, '//a[@href=\"#/register\"]')))\n        sign_up_btn.click()\n    \n        username_field = WebDriverWait(self.browser, 3).until(\n            EC.presence_of_element_located((By.XPATH, '//input[@placeholder=\"Username\"]')))\n        username_field.clear()\n        username_field.send_keys(test_user[\"username_invalid\"])\n    \n        email_field = self.browser.find_element_by_xpath('//input[@placeholder=\"Email\"]')\n        email_field.clear()\n        email_field.send_keys(test_user[\"email_invalid\"])\n    \n        password_field = self.browser.find_element_by_xpath('//input[@placeholder=\"Password\"]')\n        password_field.clear()\n        password_field.send_keys(test_user[\"pwd_invalid\"])\n    \n        login_btn = self.browser.find_element_by_xpath('//button[@class=\"btn btn-lg btn-primary pull-xs-right\"]')\n    \n        login_btn.click()\n    \n        alert_popup = WebDriverWait(self.browser, 3).until(\n            EC.presence_of_element_located((By.XPATH, '//div[@class=\"swal-modal\"]')))\n>       assert alert_popup.is_displayed()\nE       assert False\nE        +  where False = <bound method WebElement.is_displayed of <selenium.webdriver.remote.webelement.WebElement (session=\"8d8e9a55307bfee006a035fa338d8063\", element=\"05810856-9845-47c9-9c2d-91f8bd032e86\")>>()\nE        +    where <bound method WebElement.is_displayed of <selenium.webdriver.remote.webelement.WebElement (session=\"8d8e9a55307bfee006a035fa338d8063\", element=\"05810856-9845-47c9-9c2d-91f8bd032e86\")>> = <selenium.webdriver.remote.webelement.WebElement (session=\"8d8e9a55307bfee006a035fa338d8063\", element=\"05810856-9845-47c9-9c2d-91f8bd032e86\")>.is_displayed\n\ntest/test_conduit.py:69: AssertionError","steps":[],"attachments":[{"uid":"bf23e21b64a17b1b","name":"log","source":"bf23e21b64a17b1b.txt","type":"text/plain","size":338},{"uid":"5b65baad3c44ff1","name":"stdout","source":"5b65baad3c44ff1.txt","type":"text/plain","size":1},{"uid":"3925d9761aa97be5","name":"stderr","source":"3925d9761aa97be5.txt","type":"text/plain","size":267}],"parameters":[],"stepsCount":0,"attachmentsCount":3,"shouldDisplayMessage":true,"hasContent":true},"afterStages":[{"name":"_xunit_setup_method_fixture_TestConduit::0","time":{"start":1655359065169,"stop":1655359065226,"duration":57},"status":"passed","steps":[],"attachments":[],"parameters":[],"stepsCount":0,"attachmentsCount":0,"shouldDisplayMessage":false,"hasContent":false}],"labels":[{"name":"parentSuite","value":"test"},{"name":"suite","value":"test_conduit"},{"name":"subSuite","value":"TestConduit"},{"name":"host","value":"fv-az445-178"},{"name":"thread","value":"3145-MainThread"},{"name":"framework","value":"pytest"},{"name":"language","value":"cpython3"},{"name":"package","value":"test.test_conduit"},{"name":"resultFormat","value":"allure2"}],"parameters":[],"links":[],"hidden":false,"retry":false,"extra":{"severity":"normal","retries":[{"uid":"3ea70ca284ec1867","status":"passed","time":{"start":1654031591215,"stop":1654031592339,"duration":1124}},{"uid":"3244f01b77e103a3","status":"failed","statusDetails":"AssertionError: assert False\n +  where False = <bound method WebElement.is_displayed of <selenium.webdriver.remote.webelement.WebElement (session=\"b04d109c3785943a003c9674f1294c67\", element=\"bd83679d-133c-491a-aab2-2b1f99ff5cda\")>>()\n +    where <bound method WebElement.is_displayed of <selenium.webdriver.remote.webelement.WebElement (session=\"b04d109c3785943a003c9674f1294c67\", element=\"bd83679d-133c-491a-aab2-2b1f99ff5cda\")>> = <selenium.webdriver.remote.webelement.WebElement (session=\"b04d109c3785943a003c9674f1294c67\", element=\"bd83679d-133c-491a-aab2-2b1f99ff5cda\")>.is_displayed","time":{"start":1654030314712,"stop":1654030315731,"duration":1019}}],"categories":[{"name":"Product defects","matchedStatuses":[],"flaky":false}],"tags":[]},"source":"df5ddb33fa679bb.json","parameterValues":[]}