{"uid":"3039700808d6a809","name":"test_pagination","fullName":"test.test_conduit.TestConduit#test_pagination","historyId":"ea4dc440b4aae7eea3f3a936ce57d583","time":{"start":1654106124915,"stop":1654106127233,"duration":2318},"status":"broken","statusMessage":"selenium.common.exceptions.TimeoutException: Message:","statusTrace":"self = <test_conduit.TestConduit object at 0x7f52adf3b040>\n\n    def test_pagination(self):\n        self.login()\n    \n>       pagination_buttons = WebDriverWait(self.browser, 2).until(\n            EC.presence_of_all_elements_located((By.XPATH, '//li/a[@class=\"page-link\"]')))\n\ntest/test_conduit.py:357: \n_ _ _ _ _ _ _ _ _ _ _ _ _ _ _ _ _ _ _ _ _ _ _ _ _ _ _ _ _ _ _ _ _ _ _ _ _ _ _ _ \n\nself = <selenium.webdriver.support.wait.WebDriverWait (session=\"84bb8e1ba1742058290979bd2b5078fa\")>\nmethod = <selenium.webdriver.support.expected_conditions.presence_of_all_elements_located object at 0x7f52acff7cd0>\nmessage = ''\n\n    def until(self, method, message=''):\n        \"\"\"Calls the method provided with the driver as an argument until the \\\n        return value is not False.\"\"\"\n        screen = None\n        stacktrace = None\n    \n        end_time = time.time() + self._timeout\n        while True:\n            try:\n                value = method(self._driver)\n                if value:\n                    return value\n            except self._ignored_exceptions as exc:\n                screen = getattr(exc, 'screen', None)\n                stacktrace = getattr(exc, 'stacktrace', None)\n            time.sleep(self._poll)\n            if time.time() > end_time:\n                break\n>       raise TimeoutException(message, screen, stacktrace)\nE       selenium.common.exceptions.TimeoutException: Message:\n\n/opt/hostedtoolcache/Python/3.9.5/x64/lib/python3.9/site-packages/selenium/webdriver/support/wait.py:80: TimeoutException","flaky":false,"newFailed":false,"newBroken":false,"newPassed":false,"retriesCount":1,"retriesStatusChange":true,"beforeStages":[{"name":"_xunit_setup_method_fixture_TestConduit","time":{"start":1654106123474,"stop":1654106124914,"duration":1440},"status":"passed","steps":[],"attachments":[],"parameters":[],"stepsCount":0,"attachmentsCount":0,"shouldDisplayMessage":false,"hasContent":false}],"testStage":{"status":"broken","statusMessage":"selenium.common.exceptions.TimeoutException: Message:","statusTrace":"self = <test_conduit.TestConduit object at 0x7f52adf3b040>\n\n    def test_pagination(self):\n        self.login()\n    \n>       pagination_buttons = WebDriverWait(self.browser, 2).until(\n            EC.presence_of_all_elements_located((By.XPATH, '//li/a[@class=\"page-link\"]')))\n\ntest/test_conduit.py:357: \n_ _ _ _ _ _ _ _ _ _ _ _ _ _ _ _ _ _ _ _ _ _ _ _ _ _ _ _ _ _ _ _ _ _ _ _ _ _ _ _ \n\nself = <selenium.webdriver.support.wait.WebDriverWait (session=\"84bb8e1ba1742058290979bd2b5078fa\")>\nmethod = <selenium.webdriver.support.expected_conditions.presence_of_all_elements_located object at 0x7f52acff7cd0>\nmessage = ''\n\n    def until(self, method, message=''):\n        \"\"\"Calls the method provided with the driver as an argument until the \\\n        return value is not False.\"\"\"\n        screen = None\n        stacktrace = None\n    \n        end_time = time.time() + self._timeout\n        while True:\n            try:\n                value = method(self._driver)\n                if value:\n                    return value\n            except self._ignored_exceptions as exc:\n                screen = getattr(exc, 'screen', None)\n                stacktrace = getattr(exc, 'stacktrace', None)\n            time.sleep(self._poll)\n            if time.time() > end_time:\n                break\n>       raise TimeoutException(message, screen, stacktrace)\nE       selenium.common.exceptions.TimeoutException: Message:\n\n/opt/hostedtoolcache/Python/3.9.5/x64/lib/python3.9/site-packages/selenium/webdriver/support/wait.py:80: TimeoutException","steps":[],"attachments":[{"uid":"5d0971796c00bd8","name":"log","source":"5d0971796c00bd8.txt","type":"text/plain","size":338},{"uid":"c5d933529e53945a","name":"stdout","source":"c5d933529e53945a.txt","type":"text/plain","size":1},{"uid":"cb1c327e574acb3e","name":"stderr","source":"cb1c327e574acb3e.txt","type":"text/plain","size":267}],"parameters":[],"stepsCount":0,"attachmentsCount":3,"shouldDisplayMessage":true,"hasContent":true},"afterStages":[{"name":"_xunit_setup_method_fixture_TestConduit::0","time":{"start":1654106127244,"stop":1654106127299,"duration":55},"status":"passed","steps":[],"attachments":[],"parameters":[],"stepsCount":0,"attachmentsCount":0,"shouldDisplayMessage":false,"hasContent":false}],"labels":[{"name":"parentSuite","value":"test"},{"name":"suite","value":"test_conduit"},{"name":"subSuite","value":"TestConduit"},{"name":"host","value":"fv-az241-777"},{"name":"thread","value":"3098-MainThread"},{"name":"framework","value":"pytest"},{"name":"language","value":"cpython3"},{"name":"package","value":"test.test_conduit"},{"name":"resultFormat","value":"allure2"}],"parameters":[],"links":[],"hidden":false,"retry":false,"extra":{"severity":"normal","retries":[{"uid":"6af76cac8a593347","status":"passed","time":{"start":1654030420647,"stop":1654030424671,"duration":4024}}],"categories":[{"name":"Test defects","matchedStatuses":[],"flaky":false}],"tags":[]},"source":"3039700808d6a809.json","parameterValues":[]}