{"uid":"975c2cf7f052745","name":"test_delete_element","fullName":"test.test_conduit.TestConduit#test_delete_element","historyId":"86adca619ebd3350c8055e0e4156b023","time":{"start":1654106116254,"stop":1654106119590,"duration":3336},"status":"broken","statusMessage":"selenium.common.exceptions.TimeoutException: Message:","statusTrace":"self = <test_conduit.TestConduit object at 0x7f52ad25ab20>\n\n    def test_delete_element(self):\n        self.login()\n>       new_article_btn = WebDriverWait(self.browser, 3).until(\n            EC.presence_of_element_located((By.XPATH, '//a[@href=\"#/editor\"]')))\n\ntest/test_conduit.py:168: \n_ _ _ _ _ _ _ _ _ _ _ _ _ _ _ _ _ _ _ _ _ _ _ _ _ _ _ _ _ _ _ _ _ _ _ _ _ _ _ _ \n\nself = <selenium.webdriver.support.wait.WebDriverWait (session=\"8ac09de4aa029b3c3cb94abb44d90db2\")>\nmethod = <selenium.webdriver.support.expected_conditions.presence_of_element_located object at 0x7f52ad0413a0>\nmessage = ''\n\n    def until(self, method, message=''):\n        \"\"\"Calls the method provided with the driver as an argument until the \\\n        return value is not False.\"\"\"\n        screen = None\n        stacktrace = None\n    \n        end_time = time.time() + self._timeout\n        while True:\n            try:\n                value = method(self._driver)\n                if value:\n                    return value\n            except self._ignored_exceptions as exc:\n                screen = getattr(exc, 'screen', None)\n                stacktrace = getattr(exc, 'stacktrace', None)\n            time.sleep(self._poll)\n            if time.time() > end_time:\n                break\n>       raise TimeoutException(message, screen, stacktrace)\nE       selenium.common.exceptions.TimeoutException: Message:\n\n/opt/hostedtoolcache/Python/3.9.5/x64/lib/python3.9/site-packages/selenium/webdriver/support/wait.py:80: TimeoutException","flaky":false,"newFailed":false,"newBroken":false,"newPassed":false,"retriesCount":1,"retriesStatusChange":true,"beforeStages":[{"name":"_xunit_setup_method_fixture_TestConduit","time":{"start":1654106114831,"stop":1654106116253,"duration":1422},"status":"passed","steps":[],"attachments":[],"parameters":[],"stepsCount":0,"attachmentsCount":0,"shouldDisplayMessage":false,"hasContent":false}],"testStage":{"status":"broken","statusMessage":"selenium.common.exceptions.TimeoutException: Message:","statusTrace":"self = <test_conduit.TestConduit object at 0x7f52ad25ab20>\n\n    def test_delete_element(self):\n        self.login()\n>       new_article_btn = WebDriverWait(self.browser, 3).until(\n            EC.presence_of_element_located((By.XPATH, '//a[@href=\"#/editor\"]')))\n\ntest/test_conduit.py:168: \n_ _ _ _ _ _ _ _ _ _ _ _ _ _ _ _ _ _ _ _ _ _ _ _ _ _ _ _ _ _ _ _ _ _ _ _ _ _ _ _ \n\nself = <selenium.webdriver.support.wait.WebDriverWait (session=\"8ac09de4aa029b3c3cb94abb44d90db2\")>\nmethod = <selenium.webdriver.support.expected_conditions.presence_of_element_located object at 0x7f52ad0413a0>\nmessage = ''\n\n    def until(self, method, message=''):\n        \"\"\"Calls the method provided with the driver as an argument until the \\\n        return value is not False.\"\"\"\n        screen = None\n        stacktrace = None\n    \n        end_time = time.time() + self._timeout\n        while True:\n            try:\n                value = method(self._driver)\n                if value:\n                    return value\n            except self._ignored_exceptions as exc:\n                screen = getattr(exc, 'screen', None)\n                stacktrace = getattr(exc, 'stacktrace', None)\n            time.sleep(self._poll)\n            if time.time() > end_time:\n                break\n>       raise TimeoutException(message, screen, stacktrace)\nE       selenium.common.exceptions.TimeoutException: Message:\n\n/opt/hostedtoolcache/Python/3.9.5/x64/lib/python3.9/site-packages/selenium/webdriver/support/wait.py:80: TimeoutException","steps":[],"attachments":[{"uid":"5a6ce9764a15e7dc","name":"log","source":"5a6ce9764a15e7dc.txt","type":"text/plain","size":338},{"uid":"73edf2aba6171a9a","name":"stdout","source":"73edf2aba6171a9a.txt","type":"text/plain","size":1},{"uid":"ac30456a4f1ea29b","name":"stderr","source":"ac30456a4f1ea29b.txt","type":"text/plain","size":267}],"parameters":[],"stepsCount":0,"attachmentsCount":3,"shouldDisplayMessage":true,"hasContent":true},"afterStages":[{"name":"_xunit_setup_method_fixture_TestConduit::0","time":{"start":1654106119600,"stop":1654106119654,"duration":54},"status":"passed","steps":[],"attachments":[],"parameters":[],"stepsCount":0,"attachmentsCount":0,"shouldDisplayMessage":false,"hasContent":false}],"labels":[{"name":"parentSuite","value":"test"},{"name":"suite","value":"test_conduit"},{"name":"subSuite","value":"TestConduit"},{"name":"host","value":"fv-az241-777"},{"name":"thread","value":"3098-MainThread"},{"name":"framework","value":"pytest"},{"name":"language","value":"cpython3"},{"name":"package","value":"test.test_conduit"},{"name":"resultFormat","value":"allure2"}],"parameters":[],"links":[],"hidden":false,"retry":false,"extra":{"severity":"normal","retries":[{"uid":"54f5cb0dd9d22241","status":"passed","time":{"start":1654030361537,"stop":1654030375492,"duration":13955}}],"categories":[{"name":"Test defects","matchedStatuses":[],"flaky":false}],"tags":[]},"source":"975c2cf7f052745.json","parameterValues":[]}