{"uid":"f17ea66ccc2b3ef2","name":"test_login","fullName":"test.test_conduit.TestConduit#test_login","historyId":"dfb22bde77ddc1a4db05d8eafb8310d3","time":{"start":1654370726966,"stop":1654370785872,"duration":58906},"status":"broken","statusMessage":"selenium.common.exceptions.TimeoutException: Message:","statusTrace":"self = <test_conduit.TestConduit object at 0x7fb4313bacd0>\n\n    def test_login(self):\n        time.sleep(6)\n        sign_in_btn = WebDriverWait(self.browser, 6).until(EC.presence_of_element_located((By.XPATH, '//a[@href=\"#/login\"]')))\n        sign_in_btn.click()\n        time.sleep(6)\n    \n        # email_field_xpath = '//input[@type=\"text\"]'\n        # password_field_xpath = '//input[@type=\"password\"]'\n        # find_and_clear_element(self.browser, email_field_xpath).send_keys((test_user[\"email_valid\"]))\n        # find_and_clear_element(self.browser, password_field_xpath).send_keys((test_user[\"pwd_valid\"]))\n        email_field = WebDriverWait(self.browser, 6).until(EC.presence_of_element_located((By.XPATH,'//input[@type=\"text\"]')))\n        time.sleep(6)\n        password_field = WebDriverWait(self.browser, 6).until(EC.presence_of_element_located((By.XPATH,'//input[@type=\"password\"]')))\n        time.sleep(6)\n        login_btn = WebDriverWait(self.browser, 6).until(EC.presence_of_element_located((By.XPATH, '//button[@class=\"btn btn-lg btn-primary pull-xs-right\"]')))\n        time.sleep(6)\n        email_field.send_keys((test_user[\"email_valid\"]))\n        time.sleep(6)\n        password_field.send_keys((test_user[\"pwd_valid\"]))\n        time.sleep(6)\n        login_btn.click()\n    \n        time.sleep(6)\n    \n        #logged_in_user_name = self.browser.find_element_by_xpath('//a[@class=\"nav-link\" and @href=\"#/@csokinyuszi/\"]')\n        #logout_btn = self.browser.find_element_by_xpath('//a[@active-class=\"active\"]')\n        # logged_in_user_name = WebDriverWait(self.browser, 6).until(EC.presence_of_all_elements_located((By.XPATH, '//a[@class=\"nav-link\" and @href=\"#/@csokinyuszi/\"]')))\n>       logout_btn = WebDriverWait(self.browser, 6).until(EC.presence_of_element_located((By.XPATH, '//a[@active-class=\"active\"]')))\n\ntest/test_conduit.py:115: \n_ _ _ _ _ _ _ _ _ _ _ _ _ _ _ _ _ _ _ _ _ _ _ _ _ _ _ _ _ _ _ _ _ _ _ _ _ _ _ _ \n\nself = <selenium.webdriver.support.wait.WebDriverWait (session=\"aa79a83d41ceff1f54dc78ccb28bfd33\")>\nmethod = <selenium.webdriver.support.expected_conditions.presence_of_element_located object at 0x7fb431359c40>\nmessage = ''\n\n    def until(self, method, message=''):\n        \"\"\"Calls the method provided with the driver as an argument until the \\\n        return value is not False.\"\"\"\n        screen = None\n        stacktrace = None\n    \n        end_time = time.time() + self._timeout\n        while True:\n            try:\n                value = method(self._driver)\n                if value:\n                    return value\n            except self._ignored_exceptions as exc:\n                screen = getattr(exc, 'screen', None)\n                stacktrace = getattr(exc, 'stacktrace', None)\n            time.sleep(self._poll)\n            if time.time() > end_time:\n                break\n>       raise TimeoutException(message, screen, stacktrace)\nE       selenium.common.exceptions.TimeoutException: Message:\n\n/opt/hostedtoolcache/Python/3.9.5/x64/lib/python3.9/site-packages/selenium/webdriver/support/wait.py:80: TimeoutException","flaky":false,"newFailed":false,"newBroken":false,"newPassed":false,"retriesCount":2,"retriesStatusChange":true,"beforeStages":[{"name":"_xunit_setup_method_fixture_TestConduit","time":{"start":1654370725335,"stop":1654370726964,"duration":1629},"status":"passed","steps":[],"attachments":[],"parameters":[],"stepsCount":0,"attachmentsCount":0,"shouldDisplayMessage":false,"hasContent":false}],"testStage":{"status":"broken","statusMessage":"selenium.common.exceptions.TimeoutException: Message:","statusTrace":"self = <test_conduit.TestConduit object at 0x7fb4313bacd0>\n\n    def test_login(self):\n        time.sleep(6)\n        sign_in_btn = WebDriverWait(self.browser, 6).until(EC.presence_of_element_located((By.XPATH, '//a[@href=\"#/login\"]')))\n        sign_in_btn.click()\n        time.sleep(6)\n    \n        # email_field_xpath = '//input[@type=\"text\"]'\n        # password_field_xpath = '//input[@type=\"password\"]'\n        # find_and_clear_element(self.browser, email_field_xpath).send_keys((test_user[\"email_valid\"]))\n        # find_and_clear_element(self.browser, password_field_xpath).send_keys((test_user[\"pwd_valid\"]))\n        email_field = WebDriverWait(self.browser, 6).until(EC.presence_of_element_located((By.XPATH,'//input[@type=\"text\"]')))\n        time.sleep(6)\n        password_field = WebDriverWait(self.browser, 6).until(EC.presence_of_element_located((By.XPATH,'//input[@type=\"password\"]')))\n        time.sleep(6)\n        login_btn = WebDriverWait(self.browser, 6).until(EC.presence_of_element_located((By.XPATH, '//button[@class=\"btn btn-lg btn-primary pull-xs-right\"]')))\n        time.sleep(6)\n        email_field.send_keys((test_user[\"email_valid\"]))\n        time.sleep(6)\n        password_field.send_keys((test_user[\"pwd_valid\"]))\n        time.sleep(6)\n        login_btn.click()\n    \n        time.sleep(6)\n    \n        #logged_in_user_name = self.browser.find_element_by_xpath('//a[@class=\"nav-link\" and @href=\"#/@csokinyuszi/\"]')\n        #logout_btn = self.browser.find_element_by_xpath('//a[@active-class=\"active\"]')\n        # logged_in_user_name = WebDriverWait(self.browser, 6).until(EC.presence_of_all_elements_located((By.XPATH, '//a[@class=\"nav-link\" and @href=\"#/@csokinyuszi/\"]')))\n>       logout_btn = WebDriverWait(self.browser, 6).until(EC.presence_of_element_located((By.XPATH, '//a[@active-class=\"active\"]')))\n\ntest/test_conduit.py:115: \n_ _ _ _ _ _ _ _ _ _ _ _ _ _ _ _ _ _ _ _ _ _ _ _ _ _ _ _ _ _ _ _ _ _ _ _ _ _ _ _ \n\nself = <selenium.webdriver.support.wait.WebDriverWait (session=\"aa79a83d41ceff1f54dc78ccb28bfd33\")>\nmethod = <selenium.webdriver.support.expected_conditions.presence_of_element_located object at 0x7fb431359c40>\nmessage = ''\n\n    def until(self, method, message=''):\n        \"\"\"Calls the method provided with the driver as an argument until the \\\n        return value is not False.\"\"\"\n        screen = None\n        stacktrace = None\n    \n        end_time = time.time() + self._timeout\n        while True:\n            try:\n                value = method(self._driver)\n                if value:\n                    return value\n            except self._ignored_exceptions as exc:\n                screen = getattr(exc, 'screen', None)\n                stacktrace = getattr(exc, 'stacktrace', None)\n            time.sleep(self._poll)\n            if time.time() > end_time:\n                break\n>       raise TimeoutException(message, screen, stacktrace)\nE       selenium.common.exceptions.TimeoutException: Message:\n\n/opt/hostedtoolcache/Python/3.9.5/x64/lib/python3.9/site-packages/selenium/webdriver/support/wait.py:80: TimeoutException","steps":[],"attachments":[{"uid":"97f10213444135f6","name":"log","source":"97f10213444135f6.txt","type":"text/plain","size":338},{"uid":"bd7bd160dade55fd","name":"stdout","source":"bd7bd160dade55fd.txt","type":"text/plain","size":1},{"uid":"a095e33194bb6d98","name":"stderr","source":"a095e33194bb6d98.txt","type":"text/plain","size":267}],"parameters":[],"stepsCount":0,"attachmentsCount":3,"shouldDisplayMessage":true,"hasContent":true},"afterStages":[{"name":"_xunit_setup_method_fixture_TestConduit::0","time":{"start":1654370785920,"stop":1654370785980,"duration":60},"status":"passed","steps":[],"attachments":[],"parameters":[],"stepsCount":0,"attachmentsCount":0,"shouldDisplayMessage":false,"hasContent":false}],"labels":[{"name":"parentSuite","value":"test"},{"name":"suite","value":"test_conduit"},{"name":"subSuite","value":"TestConduit"},{"name":"host","value":"fv-az341-466"},{"name":"thread","value":"3105-MainThread"},{"name":"framework","value":"pytest"},{"name":"language","value":"cpython3"},{"name":"package","value":"test.test_conduit"},{"name":"resultFormat","value":"allure2"}],"parameters":[],"links":[],"hidden":false,"retry":false,"extra":{"severity":"normal","retries":[{"uid":"637dcfe39f511323","status":"passed","time":{"start":1654031598392,"stop":1654031600313,"duration":1921}},{"uid":"4b4527c5565fd230","status":"broken","statusDetails":"selenium.common.exceptions.TimeoutException: Message:","time":{"start":1654030322014,"stop":1654030325033,"duration":3019}}],"categories":[{"name":"Test defects","matchedStatuses":[],"flaky":false}],"tags":[]},"source":"f17ea66ccc2b3ef2.json","parameterValues":[]}